<test-run asserts="0" clr-version="3.7.16 (default, Dec  7 2022, 01:12:19) &#10;[GCC 9.4.0]" duration="2" end-time="2023-04-13 19:08:29.116467" engine-version="3.6.2" failed="0" id="2" inconclusive="0" passed="14" result="Passed" skipped="0" start-time="2023-04-13 19:08:26.955442" testcasecount="14" total="14"><command-line>/snap/pycharm-community/327/plugins/python-ce/helpers/pycharm/_jb_pytest_runner.py /home/daniel/data/EmmanuelProjectDev/Test</command-line><filter><test re="0">/home/daniel/data/EmmanuelProjectDev/Test</test></filter><test-suite asserts="0" classname="" duration="0.272316" end-time="2023-04-13 19:08:29.116017" failed="0" fullname="trader_test.py::TraderTest" id="trader_test.py::TraderTest" inconclusive="0" label="" methodname="" name="trader_test.py::TraderTest" passed="6" result="Passed" runstate="Runnable" skipped="0" start-time="2023-04-13 19:08:28.843701" testcasecount="6" total="6" type="Assembly" warnings="0"><properties><property name="python_version" value="3.7.16 (default, Dec  7 2022, 01:12:19) &#10;[GCC 9.4.0]" /></properties><test-case asserts="0" classname="TraderTest" duration="0.050921" end-time="2023-04-13 19:08:28.894622" fullname="trader_test.py::TraderTest::test_trade_do_buy" id="108" label="" methodname="test_trade_do_buy" name="trader_test.py::TraderTest::test_trade_do_buy" result="Passed" runstate="Runnable" seed="1" start-time="2023-04-13 19:08:28.843701"><properties><property name="python-version" value="3.7.16 (default, Dec  7 2022, 01:12:19) &#10;[GCC 9.4.0]" /><property name="fspath" value="trader_test.py" /></properties><environment clr-version="3.7.16 (default, Dec  7 2022, 01:12:19) &#10;[GCC 9.4.0]" culture="en_US" cwd="/home/daniel/data/EmmanuelProjectDev/Test" framework-version="3.6.2" machine-name="x86_64" os-architecture="64bit" os-version="5.15.0-58-generic" platform="Linux" uiculture="en_US" user="" user-domain="" /><failure><message><![CDATA[]]></message><stack-trace><![CDATA[None]]></stack-trace></failure><reason><message><![CDATA[]]></message></reason><output><![CDATA[]]></output></test-case><test-case asserts="0" classname="TraderTest" duration="0.048588" end-time="2023-04-13 19:08:28.944729" fullname="trader_test.py::TraderTest::test_trade_do_sell" id="109" label="" methodname="test_trade_do_sell" name="trader_test.py::TraderTest::test_trade_do_sell" result="Passed" runstate="Runnable" seed="1" start-time="2023-04-13 19:08:28.896141"><properties><property name="python-version" value="3.7.16 (default, Dec  7 2022, 01:12:19) &#10;[GCC 9.4.0]" /><property name="fspath" value="trader_test.py" /></properties><environment clr-version="3.7.16 (default, Dec  7 2022, 01:12:19) &#10;[GCC 9.4.0]" culture="en_US" cwd="/home/daniel/data/EmmanuelProjectDev/Test" framework-version="3.6.2" machine-name="x86_64" os-architecture="64bit" os-version="5.15.0-58-generic" platform="Linux" uiculture="en_US" user="" user-domain="" /><failure><message><![CDATA[]]></message><stack-trace><![CDATA[None]]></stack-trace></failure><reason><message><![CDATA[]]></message></reason><output><![CDATA[]]></output></test-case><test-case asserts="0" classname="TraderTest" duration="0.040623" end-time="2023-04-13 19:08:28.986882" fullname="trader_test.py::TraderTest::test_trade_has_open_positions" id="110" label="" methodname="test_trade_has_open_positions" name="trader_test.py::TraderTest::test_trade_has_open_positions" result="Passed" runstate="Runnable" seed="1" start-time="2023-04-13 19:08:28.946259"><properties><property name="python-version" value="3.7.16 (default, Dec  7 2022, 01:12:19) &#10;[GCC 9.4.0]" /><property name="fspath" value="trader_test.py" /></properties><environment clr-version="3.7.16 (default, Dec  7 2022, 01:12:19) &#10;[GCC 9.4.0]" culture="en_US" cwd="/home/daniel/data/EmmanuelProjectDev/Test" framework-version="3.6.2" machine-name="x86_64" os-architecture="64bit" os-version="5.15.0-58-generic" platform="Linux" uiculture="en_US" user="" user-domain="" /><failure><message><![CDATA[]]></message><stack-trace><![CDATA[None]]></stack-trace></failure><reason><message><![CDATA[]]></message></reason><output><![CDATA[]]></output></test-case><test-case asserts="0" classname="TraderTest" duration="0.037576" end-time="2023-04-13 19:08:29.025580" fullname="trader_test.py::TraderTest::test_trade_no_action" id="111" label="" methodname="test_trade_no_action" name="trader_test.py::TraderTest::test_trade_no_action" result="Passed" runstate="Runnable" seed="1" start-time="2023-04-13 19:08:28.988004"><properties><property name="python-version" value="3.7.16 (default, Dec  7 2022, 01:12:19) &#10;[GCC 9.4.0]" /><property name="fspath" value="trader_test.py" /></properties><environment clr-version="3.7.16 (default, Dec  7 2022, 01:12:19) &#10;[GCC 9.4.0]" culture="en_US" cwd="/home/daniel/data/EmmanuelProjectDev/Test" framework-version="3.6.2" machine-name="x86_64" os-architecture="64bit" os-version="5.15.0-58-generic" platform="Linux" uiculture="en_US" user="" user-domain="" /><failure><message><![CDATA[]]></message><stack-trace><![CDATA[None]]></stack-trace></failure><reason><message><![CDATA[]]></message></reason><output><![CDATA[]]></output></test-case><test-case asserts="0" classname="TraderTest" duration="0.036872" end-time="2023-04-13 19:08:29.064109" fullname="trader_test.py::TraderTest::test_trade_no_datafrom_tiingo" id="112" label="" methodname="test_trade_no_datafrom_tiingo" name="trader_test.py::TraderTest::test_trade_no_datafrom_tiingo" result="Passed" runstate="Runnable" seed="1" start-time="2023-04-13 19:08:29.027237"><properties><property name="python-version" value="3.7.16 (default, Dec  7 2022, 01:12:19) &#10;[GCC 9.4.0]" /><property name="fspath" value="trader_test.py" /></properties><environment clr-version="3.7.16 (default, Dec  7 2022, 01:12:19) &#10;[GCC 9.4.0]" culture="en_US" cwd="/home/daniel/data/EmmanuelProjectDev/Test" framework-version="3.6.2" machine-name="x86_64" os-architecture="64bit" os-version="5.15.0-58-generic" platform="Linux" uiculture="en_US" user="" user-domain="" /><failure><message><![CDATA[]]></message><stack-trace><![CDATA[None]]></stack-trace></failure><reason><message><![CDATA[]]></message></reason><output><![CDATA[]]></output></test-case><test-case asserts="0" classname="TraderTest" duration="0.050583" end-time="2023-04-13 19:08:29.116017" fullname="trader_test.py::TraderTest::test_trade_spread_to_big" id="113" label="" methodname="test_trade_spread_to_big" name="trader_test.py::TraderTest::test_trade_spread_to_big" result="Passed" runstate="Runnable" seed="1" start-time="2023-04-13 19:08:29.065434"><properties><property name="python-version" value="3.7.16 (default, Dec  7 2022, 01:12:19) &#10;[GCC 9.4.0]" /><property name="fspath" value="trader_test.py" /></properties><environment clr-version="3.7.16 (default, Dec  7 2022, 01:12:19) &#10;[GCC 9.4.0]" culture="en_US" cwd="/home/daniel/data/EmmanuelProjectDev/Test" framework-version="3.6.2" machine-name="x86_64" os-architecture="64bit" os-version="5.15.0-58-generic" platform="Linux" uiculture="en_US" user="" user-domain="" /><failure><message><![CDATA[]]></message><stack-trace><![CDATA[None]]></stack-trace></failure><reason><message><![CDATA[]]></message></reason><output><![CDATA[]]></output></test-case><environment clr-version="3.7.16 (default, Dec  7 2022, 01:12:19) &#10;[GCC 9.4.0]" culture="en_US" cwd="/home/daniel/data/EmmanuelProjectDev/Test" framework-version="3.6.2" machine-name="x86_64" os-architecture="64bit" os-version="5.15.0-58-generic" platform="Linux" uiculture="en_US" user="" user-domain="" /></test-suite><test-suite asserts="0" classname="" duration="0.005497" end-time="2023-04-13 19:08:28.819556" failed="0" fullname="predictor_test.py::PredictorTest" id="predictor_test.py::PredictorTest" inconclusive="0" label="" methodname="" name="predictor_test.py::PredictorTest" passed="2" result="Passed" runstate="Runnable" skipped="0" start-time="2023-04-13 19:08:28.814059" testcasecount="2" total="2" type="Assembly" warnings="0"><properties><property name="python_version" value="3.7.16 (default, Dec  7 2022, 01:12:19) &#10;[GCC 9.4.0]" /></properties><test-case asserts="0" classname="PredictorTest" duration="0.001122" end-time="2023-04-13 19:08:28.815181" fullname="predictor_test.py::PredictorTest::test_set_config_GBPUSD" id="103" label="" methodname="test_set_config_GBPUSD" name="predictor_test.py::PredictorTest::test_set_config_GBPUSD" result="Passed" runstate="Runnable" seed="1" start-time="2023-04-13 19:08:28.814059"><properties><property name="python-version" value="3.7.16 (default, Dec  7 2022, 01:12:19) &#10;[GCC 9.4.0]" /><property name="fspath" value="predictor_test.py" /></properties><environment clr-version="3.7.16 (default, Dec  7 2022, 01:12:19) &#10;[GCC 9.4.0]" culture="en_US" cwd="/home/daniel/data/EmmanuelProjectDev/Test" framework-version="3.6.2" machine-name="x86_64" os-architecture="64bit" os-version="5.15.0-58-generic" platform="Linux" uiculture="en_US" user="" user-domain="" /><failure><message><![CDATA[]]></message><stack-trace><![CDATA[None]]></stack-trace></failure><reason><message><![CDATA[]]></message></reason><output><![CDATA[]]></output></test-case><test-case asserts="0" classname="PredictorTest" duration="0.002999" end-time="2023-04-13 19:08:28.819556" fullname="predictor_test.py::PredictorTest::test_set_config_default" id="104" label="" methodname="test_set_config_default" name="predictor_test.py::PredictorTest::test_set_config_default" result="Passed" runstate="Runnable" seed="1" start-time="2023-04-13 19:08:28.816557"><properties><property name="python-version" value="3.7.16 (default, Dec  7 2022, 01:12:19) &#10;[GCC 9.4.0]" /><property name="fspath" value="predictor_test.py" /></properties><environment clr-version="3.7.16 (default, Dec  7 2022, 01:12:19) &#10;[GCC 9.4.0]" culture="en_US" cwd="/home/daniel/data/EmmanuelProjectDev/Test" framework-version="3.6.2" machine-name="x86_64" os-architecture="64bit" os-version="5.15.0-58-generic" platform="Linux" uiculture="en_US" user="" user-domain="" /><failure><message><![CDATA[]]></message><stack-trace><![CDATA[None]]></stack-trace></failure><reason><message><![CDATA[]]></message></reason><output><![CDATA[]]></output></test-case><environment clr-version="3.7.16 (default, Dec  7 2022, 01:12:19) &#10;[GCC 9.4.0]" culture="en_US" cwd="/home/daniel/data/EmmanuelProjectDev/Test" framework-version="3.6.2" machine-name="x86_64" os-architecture="64bit" os-version="5.15.0-58-generic" platform="Linux" uiculture="en_US" user="" user-domain="" /></test-suite><test-suite asserts="0" classname="" duration="0.017573" end-time="2023-04-13 19:08:28.841144" failed="0" fullname="tiingo_test.py::TiingoTest" id="tiingo_test.py::TiingoTest" inconclusive="0" label="" methodname="" name="tiingo_test.py::TiingoTest" passed="3" result="Passed" runstate="Runnable" skipped="0" start-time="2023-04-13 19:08:28.823571" testcasecount="3" total="3" type="Assembly" warnings="0"><properties><property name="python_version" value="3.7.16 (default, Dec  7 2022, 01:12:19) &#10;[GCC 9.4.0]" /></properties><test-case asserts="0" classname="TiingoTest" duration="0.00561" end-time="2023-04-13 19:08:28.829181" fullname="tiingo_test.py::TiingoTest::test_get_historical_data_connection_exception" id="105" label="" methodname="test_get_historical_data_connection_exception" name="tiingo_test.py::TiingoTest::test_get_historical_data_connection_exception" result="Passed" runstate="Runnable" seed="1" start-time="2023-04-13 19:08:28.823571"><properties><property name="python-version" value="3.7.16 (default, Dec  7 2022, 01:12:19) &#10;[GCC 9.4.0]" /><property name="fspath" value="tiingo_test.py" /></properties><environment clr-version="3.7.16 (default, Dec  7 2022, 01:12:19) &#10;[GCC 9.4.0]" culture="en_US" cwd="/home/daniel/data/EmmanuelProjectDev/Test" framework-version="3.6.2" machine-name="x86_64" os-architecture="64bit" os-version="5.15.0-58-generic" platform="Linux" uiculture="en_US" user="" user-domain="" /><failure><message><![CDATA[]]></message><stack-trace><![CDATA[None]]></stack-trace></failure><reason><message><![CDATA[]]></message></reason><output><![CDATA[]]></output></test-case><test-case asserts="0" classname="TiingoTest" duration="0.00413" end-time="2023-04-13 19:08:28.835261" fullname="tiingo_test.py::TiingoTest::test_get_historical_data_no_content" id="106" label="" methodname="test_get_historical_data_no_content" name="tiingo_test.py::TiingoTest::test_get_historical_data_no_content" result="Passed" runstate="Runnable" seed="1" start-time="2023-04-13 19:08:28.831131"><properties><property name="python-version" value="3.7.16 (default, Dec  7 2022, 01:12:19) &#10;[GCC 9.4.0]" /><property name="fspath" value="tiingo_test.py" /></properties><environment clr-version="3.7.16 (default, Dec  7 2022, 01:12:19) &#10;[GCC 9.4.0]" culture="en_US" cwd="/home/daniel/data/EmmanuelProjectDev/Test" framework-version="3.6.2" machine-name="x86_64" os-architecture="64bit" os-version="5.15.0-58-generic" platform="Linux" uiculture="en_US" user="" user-domain="" /><failure><message><![CDATA[]]></message><stack-trace><![CDATA[None]]></stack-trace></failure><reason><message><![CDATA[]]></message></reason><output><![CDATA[]]></output></test-case><test-case asserts="0" classname="TiingoTest" duration="0.004073" end-time="2023-04-13 19:08:28.841144" fullname="tiingo_test.py::TiingoTest::test_load_data_connection_exception" id="107" label="" methodname="test_load_data_connection_exception" name="tiingo_test.py::TiingoTest::test_load_data_connection_exception" result="Passed" runstate="Runnable" seed="1" start-time="2023-04-13 19:08:28.837071"><properties><property name="python-version" value="3.7.16 (default, Dec  7 2022, 01:12:19) &#10;[GCC 9.4.0]" /><property name="fspath" value="tiingo_test.py" /></properties><environment clr-version="3.7.16 (default, Dec  7 2022, 01:12:19) &#10;[GCC 9.4.0]" culture="en_US" cwd="/home/daniel/data/EmmanuelProjectDev/Test" framework-version="3.6.2" machine-name="x86_64" os-architecture="64bit" os-version="5.15.0-58-generic" platform="Linux" uiculture="en_US" user="" user-domain="" /><failure><message><![CDATA[]]></message><stack-trace><![CDATA[None]]></stack-trace></failure><reason><message><![CDATA[]]></message></reason><output><![CDATA[]]></output></test-case><environment clr-version="3.7.16 (default, Dec  7 2022, 01:12:19) &#10;[GCC 9.4.0]" culture="en_US" cwd="/home/daniel/data/EmmanuelProjectDev/Test" framework-version="3.6.2" machine-name="x86_64" os-architecture="64bit" os-version="5.15.0-58-generic" platform="Linux" uiculture="en_US" user="" user-domain="" /></test-suite><test-suite asserts="0" classname="" duration="0.036571" end-time="2023-04-13 19:08:28.812121" failed="0" fullname="ig_test.py::IgTest" id="ig_test.py::IgTest" inconclusive="0" label="" methodname="" name="ig_test.py::IgTest" passed="3" result="Passed" runstate="Runnable" skipped="0" start-time="2023-04-13 19:08:28.775550" testcasecount="3" total="3" type="Assembly" warnings="0"><properties><property name="python_version" value="3.7.16 (default, Dec  7 2022, 01:12:19) &#10;[GCC 9.4.0]" /></properties><test-case asserts="0" classname="IgTest" duration="0.008374" end-time="2023-04-13 19:08:28.783924" fullname="ig_test.py::IgTest::test_get_currency" id="100" label="" methodname="test_get_currency" name="ig_test.py::IgTest::test_get_currency" result="Passed" runstate="Runnable" seed="1" start-time="2023-04-13 19:08:28.775550"><properties><property name="python-version" value="3.7.16 (default, Dec  7 2022, 01:12:19) &#10;[GCC 9.4.0]" /><property name="fspath" value="ig_test.py" /></properties><environment clr-version="3.7.16 (default, Dec  7 2022, 01:12:19) &#10;[GCC 9.4.0]" culture="en_US" cwd="/home/daniel/data/EmmanuelProjectDev/Test" framework-version="3.6.2" machine-name="x86_64" os-architecture="64bit" os-version="5.15.0-58-generic" platform="Linux" uiculture="en_US" user="" user-domain="" /><failure><message><![CDATA[]]></message><stack-trace><![CDATA[None]]></stack-trace></failure><reason><message><![CDATA[]]></message></reason><output><![CDATA[]]></output></test-case><test-case asserts="0" classname="IgTest" duration="0.005368" end-time="2023-04-13 19:08:28.790923" fullname="ig_test.py::IgTest::test_get_markets_no_return" id="101" label="" methodname="test_get_markets_no_return" name="ig_test.py::IgTest::test_get_markets_no_return" result="Passed" runstate="Runnable" seed="1" start-time="2023-04-13 19:08:28.785555"><properties><property name="python-version" value="3.7.16 (default, Dec  7 2022, 01:12:19) &#10;[GCC 9.4.0]" /><property name="fspath" value="ig_test.py" /></properties><environment clr-version="3.7.16 (default, Dec  7 2022, 01:12:19) &#10;[GCC 9.4.0]" culture="en_US" cwd="/home/daniel/data/EmmanuelProjectDev/Test" framework-version="3.6.2" machine-name="x86_64" os-architecture="64bit" os-version="5.15.0-58-generic" platform="Linux" uiculture="en_US" user="" user-domain="" /><failure><message><![CDATA[]]></message><stack-trace><![CDATA[None]]></stack-trace></failure><reason><message><![CDATA[]]></message></reason><output><![CDATA[]]></output></test-case><test-case asserts="0" classname="IgTest" duration="0.018528" end-time="2023-04-13 19:08:28.812121" fullname="ig_test.py::IgTest::test_get_markets_some_returns" id="102" label="" methodname="test_get_markets_some_returns" name="ig_test.py::IgTest::test_get_markets_some_returns" result="Passed" runstate="Runnable" seed="1" start-time="2023-04-13 19:08:28.793593"><properties><property name="python-version" value="3.7.16 (default, Dec  7 2022, 01:12:19) &#10;[GCC 9.4.0]" /><property name="fspath" value="ig_test.py" /></properties><environment clr-version="3.7.16 (default, Dec  7 2022, 01:12:19) &#10;[GCC 9.4.0]" culture="en_US" cwd="/home/daniel/data/EmmanuelProjectDev/Test" framework-version="3.6.2" machine-name="x86_64" os-architecture="64bit" os-version="5.15.0-58-generic" platform="Linux" uiculture="en_US" user="" user-domain="" /><failure><message><![CDATA[]]></message><stack-trace><![CDATA[None]]></stack-trace></failure><reason><message><![CDATA[]]></message></reason><output><![CDATA[]]></output></test-case><environment clr-version="3.7.16 (default, Dec  7 2022, 01:12:19) &#10;[GCC 9.4.0]" culture="en_US" cwd="/home/daniel/data/EmmanuelProjectDev/Test" framework-version="3.6.2" machine-name="x86_64" os-architecture="64bit" os-version="5.15.0-58-generic" platform="Linux" uiculture="en_US" user="" user-domain="" /></test-suite></test-run>