<test-run asserts="0" clr-version="3.7.16 (default, Dec  7 2022, 01:12:19) &#10;[GCC 9.4.0]" duration="1" end-time="2023-04-18 09:21:17.520200" engine-version="3.6.2" failed="0" id="2" inconclusive="0" passed="15" result="Passed" skipped="0" start-time="2023-04-18 09:21:16.192230" testcasecount="15" total="15"><command-line>/snap/pycharm-community/327/plugins/python-ce/helpers/pycharm/_jb_pytest_runner.py /home/daniel/data/EmmanuelProjectDev/Test</command-line><filter><test re="0">/home/daniel/data/EmmanuelProjectDev/Test</test></filter><test-suite asserts="0" classname="" duration="0.200115" end-time="2023-04-18 09:21:17.519951" failed="0" fullname="trader_test.py::TraderTest" id="trader_test.py::TraderTest" inconclusive="0" label="" methodname="" name="trader_test.py::TraderTest" passed="7" result="Passed" runstate="Runnable" skipped="0" start-time="2023-04-18 09:21:17.319836" testcasecount="7" total="7" type="Assembly" warnings="0"><properties><property name="python_version" value="3.7.16 (default, Dec  7 2022, 01:12:19) &#10;[GCC 9.4.0]" /></properties><test-case asserts="0" classname="TraderTest" duration="0.030466" end-time="2023-04-18 09:21:17.350302" fullname="trader_test.py::TraderTest::test_trade_do_buy" id="108" label="" methodname="test_trade_do_buy" name="trader_test.py::TraderTest::test_trade_do_buy" result="Passed" runstate="Runnable" seed="1" start-time="2023-04-18 09:21:17.319836"><properties><property name="python-version" value="3.7.16 (default, Dec  7 2022, 01:12:19) &#10;[GCC 9.4.0]" /><property name="fspath" value="trader_test.py" /></properties><environment clr-version="3.7.16 (default, Dec  7 2022, 01:12:19) &#10;[GCC 9.4.0]" culture="en_US" cwd="/home/daniel/data/EmmanuelProjectDev/Test" framework-version="3.6.2" machine-name="x86_64" os-architecture="64bit" os-version="5.15.0-58-generic" platform="Linux" uiculture="en_US" user="" user-domain="" /><failure><message><![CDATA[]]></message><stack-trace><![CDATA[None]]></stack-trace></failure><reason><message><![CDATA[]]></message></reason><output><![CDATA[]]></output></test-case><test-case asserts="0" classname="TraderTest" duration="0.029512" end-time="2023-04-18 09:21:17.380684" fullname="trader_test.py::TraderTest::test_trade_do_sell" id="109" label="" methodname="test_trade_do_sell" name="trader_test.py::TraderTest::test_trade_do_sell" result="Passed" runstate="Runnable" seed="1" start-time="2023-04-18 09:21:17.351172"><properties><property name="python-version" value="3.7.16 (default, Dec  7 2022, 01:12:19) &#10;[GCC 9.4.0]" /><property name="fspath" value="trader_test.py" /></properties><environment clr-version="3.7.16 (default, Dec  7 2022, 01:12:19) &#10;[GCC 9.4.0]" culture="en_US" cwd="/home/daniel/data/EmmanuelProjectDev/Test" framework-version="3.6.2" machine-name="x86_64" os-architecture="64bit" os-version="5.15.0-58-generic" platform="Linux" uiculture="en_US" user="" user-domain="" /><failure><message><![CDATA[]]></message><stack-trace><![CDATA[None]]></stack-trace></failure><reason><message><![CDATA[]]></message></reason><output><![CDATA[]]></output></test-case><test-case asserts="0" classname="TraderTest" duration="0.025778" end-time="2023-04-18 09:21:17.407437" fullname="trader_test.py::TraderTest::test_trade_evaluation_to_bad" id="110" label="" methodname="test_trade_evaluation_to_bad" name="trader_test.py::TraderTest::test_trade_evaluation_to_bad" result="Passed" runstate="Runnable" seed="1" start-time="2023-04-18 09:21:17.381659"><properties><property name="python-version" value="3.7.16 (default, Dec  7 2022, 01:12:19) &#10;[GCC 9.4.0]" /><property name="fspath" value="trader_test.py" /></properties><environment clr-version="3.7.16 (default, Dec  7 2022, 01:12:19) &#10;[GCC 9.4.0]" culture="en_US" cwd="/home/daniel/data/EmmanuelProjectDev/Test" framework-version="3.6.2" machine-name="x86_64" os-architecture="64bit" os-version="5.15.0-58-generic" platform="Linux" uiculture="en_US" user="" user-domain="" /><failure><message><![CDATA[]]></message><stack-trace><![CDATA[None]]></stack-trace></failure><reason><message><![CDATA[]]></message></reason><output><![CDATA[]]></output></test-case><test-case asserts="0" classname="TraderTest" duration="0.029973" end-time="2023-04-18 09:21:17.438156" fullname="trader_test.py::TraderTest::test_trade_has_open_buy_positions" id="111" label="" methodname="test_trade_has_open_buy_positions" name="trader_test.py::TraderTest::test_trade_has_open_buy_positions" result="Passed" runstate="Runnable" seed="1" start-time="2023-04-18 09:21:17.408183"><properties><property name="python-version" value="3.7.16 (default, Dec  7 2022, 01:12:19) &#10;[GCC 9.4.0]" /><property name="fspath" value="trader_test.py" /></properties><environment clr-version="3.7.16 (default, Dec  7 2022, 01:12:19) &#10;[GCC 9.4.0]" culture="en_US" cwd="/home/daniel/data/EmmanuelProjectDev/Test" framework-version="3.6.2" machine-name="x86_64" os-architecture="64bit" os-version="5.15.0-58-generic" platform="Linux" uiculture="en_US" user="" user-domain="" /><failure><message><![CDATA[]]></message><stack-trace><![CDATA[None]]></stack-trace></failure><reason><message><![CDATA[]]></message></reason><output><![CDATA[]]></output></test-case><test-case asserts="0" classname="TraderTest" duration="0.02602" end-time="2023-04-18 09:21:17.465140" fullname="trader_test.py::TraderTest::test_trade_has_open_sell_positions" id="112" label="" methodname="test_trade_has_open_sell_positions" name="trader_test.py::TraderTest::test_trade_has_open_sell_positions" result="Passed" runstate="Runnable" seed="1" start-time="2023-04-18 09:21:17.439120"><properties><property name="python-version" value="3.7.16 (default, Dec  7 2022, 01:12:19) &#10;[GCC 9.4.0]" /><property name="fspath" value="trader_test.py" /></properties><environment clr-version="3.7.16 (default, Dec  7 2022, 01:12:19) &#10;[GCC 9.4.0]" culture="en_US" cwd="/home/daniel/data/EmmanuelProjectDev/Test" framework-version="3.6.2" machine-name="x86_64" os-architecture="64bit" os-version="5.15.0-58-generic" platform="Linux" uiculture="en_US" user="" user-domain="" /><failure><message><![CDATA[]]></message><stack-trace><![CDATA[None]]></stack-trace></failure><reason><message><![CDATA[]]></message></reason><output><![CDATA[]]></output></test-case><test-case asserts="0" classname="TraderTest" duration="0.02567" end-time="2023-04-18 09:21:17.491753" fullname="trader_test.py::TraderTest::test_trade_no_datafrom_tiingo" id="113" label="" methodname="test_trade_no_datafrom_tiingo" name="trader_test.py::TraderTest::test_trade_no_datafrom_tiingo" result="Passed" runstate="Runnable" seed="1" start-time="2023-04-18 09:21:17.466083"><properties><property name="python-version" value="3.7.16 (default, Dec  7 2022, 01:12:19) &#10;[GCC 9.4.0]" /><property name="fspath" value="trader_test.py" /></properties><environment clr-version="3.7.16 (default, Dec  7 2022, 01:12:19) &#10;[GCC 9.4.0]" culture="en_US" cwd="/home/daniel/data/EmmanuelProjectDev/Test" framework-version="3.6.2" machine-name="x86_64" os-architecture="64bit" os-version="5.15.0-58-generic" platform="Linux" uiculture="en_US" user="" user-domain="" /><failure><message><![CDATA[]]></message><stack-trace><![CDATA[None]]></stack-trace></failure><reason><message><![CDATA[]]></message></reason><output><![CDATA[]]></output></test-case><test-case asserts="0" classname="TraderTest" duration="0.027323" end-time="2023-04-18 09:21:17.519951" fullname="trader_test.py::TraderTest::test_trade_spread_to_big" id="114" label="" methodname="test_trade_spread_to_big" name="trader_test.py::TraderTest::test_trade_spread_to_big" result="Passed" runstate="Runnable" seed="1" start-time="2023-04-18 09:21:17.492628"><properties><property name="python-version" value="3.7.16 (default, Dec  7 2022, 01:12:19) &#10;[GCC 9.4.0]" /><property name="fspath" value="trader_test.py" /></properties><environment clr-version="3.7.16 (default, Dec  7 2022, 01:12:19) &#10;[GCC 9.4.0]" culture="en_US" cwd="/home/daniel/data/EmmanuelProjectDev/Test" framework-version="3.6.2" machine-name="x86_64" os-architecture="64bit" os-version="5.15.0-58-generic" platform="Linux" uiculture="en_US" user="" user-domain="" /><failure><message><![CDATA[]]></message><stack-trace><![CDATA[None]]></stack-trace></failure><reason><message><![CDATA[]]></message></reason><output><![CDATA[]]></output></test-case><environment clr-version="3.7.16 (default, Dec  7 2022, 01:12:19) &#10;[GCC 9.4.0]" culture="en_US" cwd="/home/daniel/data/EmmanuelProjectDev/Test" framework-version="3.6.2" machine-name="x86_64" os-architecture="64bit" os-version="5.15.0-58-generic" platform="Linux" uiculture="en_US" user="" user-domain="" /></test-suite><test-suite asserts="0" classname="" duration="0.02094" end-time="2023-04-18 09:21:17.301546" failed="0" fullname="ig_test.py::IgTest" id="ig_test.py::IgTest" inconclusive="0" label="" methodname="" name="ig_test.py::IgTest" passed="3" result="Passed" runstate="Runnable" skipped="0" start-time="2023-04-18 09:21:17.280606" testcasecount="3" total="3" type="Assembly" warnings="0"><properties><property name="python_version" value="3.7.16 (default, Dec  7 2022, 01:12:19) &#10;[GCC 9.4.0]" /></properties><test-case asserts="0" classname="IgTest" duration="0.003629" end-time="2023-04-18 09:21:17.284235" fullname="ig_test.py::IgTest::test_get_currency" id="100" label="" methodname="test_get_currency" name="ig_test.py::IgTest::test_get_currency" result="Passed" runstate="Runnable" seed="1" start-time="2023-04-18 09:21:17.280606"><properties><property name="python-version" value="3.7.16 (default, Dec  7 2022, 01:12:19) &#10;[GCC 9.4.0]" /><property name="fspath" value="ig_test.py" /></properties><environment clr-version="3.7.16 (default, Dec  7 2022, 01:12:19) &#10;[GCC 9.4.0]" culture="en_US" cwd="/home/daniel/data/EmmanuelProjectDev/Test" framework-version="3.6.2" machine-name="x86_64" os-architecture="64bit" os-version="5.15.0-58-generic" platform="Linux" uiculture="en_US" user="" user-domain="" /><failure><message><![CDATA[]]></message><stack-trace><![CDATA[None]]></stack-trace></failure><reason><message><![CDATA[]]></message></reason><output><![CDATA[]]></output></test-case><test-case asserts="0" classname="IgTest" duration="0.002362" end-time="2023-04-18 09:21:17.287269" fullname="ig_test.py::IgTest::test_get_markets_no_return" id="101" label="" methodname="test_get_markets_no_return" name="ig_test.py::IgTest::test_get_markets_no_return" result="Passed" runstate="Runnable" seed="1" start-time="2023-04-18 09:21:17.284907"><properties><property name="python-version" value="3.7.16 (default, Dec  7 2022, 01:12:19) &#10;[GCC 9.4.0]" /><property name="fspath" value="ig_test.py" /></properties><environment clr-version="3.7.16 (default, Dec  7 2022, 01:12:19) &#10;[GCC 9.4.0]" culture="en_US" cwd="/home/daniel/data/EmmanuelProjectDev/Test" framework-version="3.6.2" machine-name="x86_64" os-architecture="64bit" os-version="5.15.0-58-generic" platform="Linux" uiculture="en_US" user="" user-domain="" /><failure><message><![CDATA[]]></message><stack-trace><![CDATA[None]]></stack-trace></failure><reason><message><![CDATA[]]></message></reason><output><![CDATA[]]></output></test-case><test-case asserts="0" classname="IgTest" duration="0.013616" end-time="2023-04-18 09:21:17.301546" fullname="ig_test.py::IgTest::test_get_markets_some_returns" id="102" label="" methodname="test_get_markets_some_returns" name="ig_test.py::IgTest::test_get_markets_some_returns" result="Passed" runstate="Runnable" seed="1" start-time="2023-04-18 09:21:17.287930"><properties><property name="python-version" value="3.7.16 (default, Dec  7 2022, 01:12:19) &#10;[GCC 9.4.0]" /><property name="fspath" value="ig_test.py" /></properties><environment clr-version="3.7.16 (default, Dec  7 2022, 01:12:19) &#10;[GCC 9.4.0]" culture="en_US" cwd="/home/daniel/data/EmmanuelProjectDev/Test" framework-version="3.6.2" machine-name="x86_64" os-architecture="64bit" os-version="5.15.0-58-generic" platform="Linux" uiculture="en_US" user="" user-domain="" /><failure><message><![CDATA[]]></message><stack-trace><![CDATA[None]]></stack-trace></failure><reason><message><![CDATA[]]></message></reason><output><![CDATA[]]></output></test-case><environment clr-version="3.7.16 (default, Dec  7 2022, 01:12:19) &#10;[GCC 9.4.0]" culture="en_US" cwd="/home/daniel/data/EmmanuelProjectDev/Test" framework-version="3.6.2" machine-name="x86_64" os-architecture="64bit" os-version="5.15.0-58-generic" platform="Linux" uiculture="en_US" user="" user-domain="" /></test-suite><test-suite asserts="0" classname="" duration="0.010023" end-time="2023-04-18 09:21:17.318049" failed="0" fullname="tiingo_test.py::TiingoTest" id="tiingo_test.py::TiingoTest" inconclusive="0" label="" methodname="" name="tiingo_test.py::TiingoTest" passed="3" result="Passed" runstate="Runnable" skipped="0" start-time="2023-04-18 09:21:17.308026" testcasecount="3" total="3" type="Assembly" warnings="0"><properties><property name="python_version" value="3.7.16 (default, Dec  7 2022, 01:12:19) &#10;[GCC 9.4.0]" /></properties><test-case asserts="0" classname="TiingoTest" duration="0.002313" end-time="2023-04-18 09:21:17.310339" fullname="tiingo_test.py::TiingoTest::test_get_historical_data_connection_exception" id="105" label="" methodname="test_get_historical_data_connection_exception" name="tiingo_test.py::TiingoTest::test_get_historical_data_connection_exception" result="Passed" runstate="Runnable" seed="1" start-time="2023-04-18 09:21:17.308026"><properties><property name="python-version" value="3.7.16 (default, Dec  7 2022, 01:12:19) &#10;[GCC 9.4.0]" /><property name="fspath" value="tiingo_test.py" /></properties><environment clr-version="3.7.16 (default, Dec  7 2022, 01:12:19) &#10;[GCC 9.4.0]" culture="en_US" cwd="/home/daniel/data/EmmanuelProjectDev/Test" framework-version="3.6.2" machine-name="x86_64" os-architecture="64bit" os-version="5.15.0-58-generic" platform="Linux" uiculture="en_US" user="" user-domain="" /><failure><message><![CDATA[]]></message><stack-trace><![CDATA[None]]></stack-trace></failure><reason><message><![CDATA[]]></message></reason><output><![CDATA[]]></output></test-case><test-case asserts="0" classname="TiingoTest" duration="0.00273" end-time="2023-04-18 09:21:17.313812" fullname="tiingo_test.py::TiingoTest::test_get_historical_data_no_content" id="106" label="" methodname="test_get_historical_data_no_content" name="tiingo_test.py::TiingoTest::test_get_historical_data_no_content" result="Passed" runstate="Runnable" seed="1" start-time="2023-04-18 09:21:17.311082"><properties><property name="python-version" value="3.7.16 (default, Dec  7 2022, 01:12:19) &#10;[GCC 9.4.0]" /><property name="fspath" value="tiingo_test.py" /></properties><environment clr-version="3.7.16 (default, Dec  7 2022, 01:12:19) &#10;[GCC 9.4.0]" culture="en_US" cwd="/home/daniel/data/EmmanuelProjectDev/Test" framework-version="3.6.2" machine-name="x86_64" os-architecture="64bit" os-version="5.15.0-58-generic" platform="Linux" uiculture="en_US" user="" user-domain="" /><failure><message><![CDATA[]]></message><stack-trace><![CDATA[None]]></stack-trace></failure><reason><message><![CDATA[]]></message></reason><output><![CDATA[]]></output></test-case><test-case asserts="0" classname="TiingoTest" duration="0.003149" end-time="2023-04-18 09:21:17.318049" fullname="tiingo_test.py::TiingoTest::test_load_data_connection_exception" id="107" label="" methodname="test_load_data_connection_exception" name="tiingo_test.py::TiingoTest::test_load_data_connection_exception" result="Passed" runstate="Runnable" seed="1" start-time="2023-04-18 09:21:17.314900"><properties><property name="python-version" value="3.7.16 (default, Dec  7 2022, 01:12:19) &#10;[GCC 9.4.0]" /><property name="fspath" value="tiingo_test.py" /></properties><environment clr-version="3.7.16 (default, Dec  7 2022, 01:12:19) &#10;[GCC 9.4.0]" culture="en_US" cwd="/home/daniel/data/EmmanuelProjectDev/Test" framework-version="3.6.2" machine-name="x86_64" os-architecture="64bit" os-version="5.15.0-58-generic" platform="Linux" uiculture="en_US" user="" user-domain="" /><failure><message><![CDATA[]]></message><stack-trace><![CDATA[None]]></stack-trace></failure><reason><message><![CDATA[]]></message></reason><output><![CDATA[]]></output></test-case><environment clr-version="3.7.16 (default, Dec  7 2022, 01:12:19) &#10;[GCC 9.4.0]" culture="en_US" cwd="/home/daniel/data/EmmanuelProjectDev/Test" framework-version="3.6.2" machine-name="x86_64" os-architecture="64bit" os-version="5.15.0-58-generic" platform="Linux" uiculture="en_US" user="" user-domain="" /></test-suite><test-suite asserts="0" classname="" duration="0.003217" end-time="2023-04-18 09:21:17.306480" failed="0" fullname="predictor_test.py::PredictorTest" id="predictor_test.py::PredictorTest" inconclusive="0" label="" methodname="" name="predictor_test.py::PredictorTest" passed="2" result="Passed" runstate="Runnable" skipped="0" start-time="2023-04-18 09:21:17.303263" testcasecount="2" total="2" type="Assembly" warnings="0"><properties><property name="python_version" value="3.7.16 (default, Dec  7 2022, 01:12:19) &#10;[GCC 9.4.0]" /></properties><test-case asserts="0" classname="PredictorTest" duration="0.001117" end-time="2023-04-18 09:21:17.304380" fullname="predictor_test.py::PredictorTest::test_set_config_GBPUSD" id="103" label="" methodname="test_set_config_GBPUSD" name="predictor_test.py::PredictorTest::test_set_config_GBPUSD" result="Passed" runstate="Runnable" seed="1" start-time="2023-04-18 09:21:17.303263"><properties><property name="python-version" value="3.7.16 (default, Dec  7 2022, 01:12:19) &#10;[GCC 9.4.0]" /><property name="fspath" value="predictor_test.py" /></properties><environment clr-version="3.7.16 (default, Dec  7 2022, 01:12:19) &#10;[GCC 9.4.0]" culture="en_US" cwd="/home/daniel/data/EmmanuelProjectDev/Test" framework-version="3.6.2" machine-name="x86_64" os-architecture="64bit" os-version="5.15.0-58-generic" platform="Linux" uiculture="en_US" user="" user-domain="" /><failure><message><![CDATA[]]></message><stack-trace><![CDATA[None]]></stack-trace></failure><reason><message><![CDATA[]]></message></reason><output><![CDATA[]]></output></test-case><test-case asserts="0" classname="PredictorTest" duration="0.001147" end-time="2023-04-18 09:21:17.306480" fullname="predictor_test.py::PredictorTest::test_set_config_default" id="104" label="" methodname="test_set_config_default" name="predictor_test.py::PredictorTest::test_set_config_default" result="Passed" runstate="Runnable" seed="1" start-time="2023-04-18 09:21:17.305333"><properties><property name="python-version" value="3.7.16 (default, Dec  7 2022, 01:12:19) &#10;[GCC 9.4.0]" /><property name="fspath" value="predictor_test.py" /></properties><environment clr-version="3.7.16 (default, Dec  7 2022, 01:12:19) &#10;[GCC 9.4.0]" culture="en_US" cwd="/home/daniel/data/EmmanuelProjectDev/Test" framework-version="3.6.2" machine-name="x86_64" os-architecture="64bit" os-version="5.15.0-58-generic" platform="Linux" uiculture="en_US" user="" user-domain="" /><failure><message><![CDATA[]]></message><stack-trace><![CDATA[None]]></stack-trace></failure><reason><message><![CDATA[]]></message></reason><output><![CDATA[]]></output></test-case><environment clr-version="3.7.16 (default, Dec  7 2022, 01:12:19) &#10;[GCC 9.4.0]" culture="en_US" cwd="/home/daniel/data/EmmanuelProjectDev/Test" framework-version="3.6.2" machine-name="x86_64" os-architecture="64bit" os-version="5.15.0-58-generic" platform="Linux" uiculture="en_US" user="" user-domain="" /></test-suite></test-run>