<test-run asserts="0" clr-version="3.7.16 (default, Dec  7 2022, 01:12:19) &#10;[GCC 9.4.0]" duration="1" end-time="2023-04-06 14:29:41.086535" engine-version="3.6.2" failed="0" id="2" inconclusive="0" passed="3" result="Passed" skipped="0" start-time="2023-04-06 14:29:39.620193" testcasecount="3" total="3"><command-line>/snap/pycharm-community/323/plugins/python-ce/helpers/pycharm/_jb_pytest_runner.py /home/daniel/data/EmmanuelProjectDev/Test/tiingo_test.py</command-line><filter><test re="0">/home/daniel/data/EmmanuelProjectDev/Test/tiingo_test.py</test></filter><test-suite asserts="0" classname="" duration="0.009716" end-time="2023-04-06 14:29:41.086329" failed="0" fullname="tiingo_test.py::TiingoTest" id="tiingo_test.py::TiingoTest" inconclusive="0" label="" methodname="" name="tiingo_test.py::TiingoTest" passed="3" result="Passed" runstate="Runnable" skipped="0" start-time="2023-04-06 14:29:41.076613" testcasecount="3" total="3" type="Assembly" warnings="0"><properties><property name="python_version" value="3.7.16 (default, Dec  7 2022, 01:12:19) &#10;[GCC 9.4.0]" /></properties><test-case asserts="0" classname="TiingoTest" duration="0.002976" end-time="2023-04-06 14:29:41.079589" fullname="tiingo_test.py::TiingoTest::test_get_historical_data_connection_exception" id="100" label="" methodname="test_get_historical_data_connection_exception" name="tiingo_test.py::TiingoTest::test_get_historical_data_connection_exception" result="Passed" runstate="Runnable" seed="1" start-time="2023-04-06 14:29:41.076613"><properties><property name="python-version" value="3.7.16 (default, Dec  7 2022, 01:12:19) &#10;[GCC 9.4.0]" /><property name="fspath" value="tiingo_test.py" /></properties><environment clr-version="3.7.16 (default, Dec  7 2022, 01:12:19) &#10;[GCC 9.4.0]" culture="en_US" cwd="/home/daniel/data/EmmanuelProjectDev/Test" framework-version="3.6.2" machine-name="x86_64" os-architecture="64bit" os-version="5.15.0-58-generic" platform="Linux" uiculture="en_US" user="" user-domain="" /><failure><message><![CDATA[]]></message><stack-trace><![CDATA[None]]></stack-trace></failure><reason><message><![CDATA[]]></message></reason><output><![CDATA[]]></output></test-case><test-case asserts="0" classname="TiingoTest" duration="0.001837" end-time="2023-04-06 14:29:41.082385" fullname="tiingo_test.py::TiingoTest::test_get_historical_data_no_content" id="101" label="" methodname="test_get_historical_data_no_content" name="tiingo_test.py::TiingoTest::test_get_historical_data_no_content" result="Passed" runstate="Runnable" seed="1" start-time="2023-04-06 14:29:41.080548"><properties><property name="python-version" value="3.7.16 (default, Dec  7 2022, 01:12:19) &#10;[GCC 9.4.0]" /><property name="fspath" value="tiingo_test.py" /></properties><environment clr-version="3.7.16 (default, Dec  7 2022, 01:12:19) &#10;[GCC 9.4.0]" culture="en_US" cwd="/home/daniel/data/EmmanuelProjectDev/Test" framework-version="3.6.2" machine-name="x86_64" os-architecture="64bit" os-version="5.15.0-58-generic" platform="Linux" uiculture="en_US" user="" user-domain="" /><failure><message><![CDATA[]]></message><stack-trace><![CDATA[None]]></stack-trace></failure><reason><message><![CDATA[]]></message></reason><output><![CDATA[]]></output></test-case><test-case asserts="0" classname="TiingoTest" duration="0.00309" end-time="2023-04-06 14:29:41.086329" fullname="tiingo_test.py::TiingoTest::test_load_data_connection_exception" id="102" label="" methodname="test_load_data_connection_exception" name="tiingo_test.py::TiingoTest::test_load_data_connection_exception" result="Passed" runstate="Runnable" seed="1" start-time="2023-04-06 14:29:41.083239"><properties><property name="python-version" value="3.7.16 (default, Dec  7 2022, 01:12:19) &#10;[GCC 9.4.0]" /><property name="fspath" value="tiingo_test.py" /></properties><environment clr-version="3.7.16 (default, Dec  7 2022, 01:12:19) &#10;[GCC 9.4.0]" culture="en_US" cwd="/home/daniel/data/EmmanuelProjectDev/Test" framework-version="3.6.2" machine-name="x86_64" os-architecture="64bit" os-version="5.15.0-58-generic" platform="Linux" uiculture="en_US" user="" user-domain="" /><failure><message><![CDATA[]]></message><stack-trace><![CDATA[None]]></stack-trace></failure><reason><message><![CDATA[]]></message></reason><output><![CDATA[]]></output></test-case><environment clr-version="3.7.16 (default, Dec  7 2022, 01:12:19) &#10;[GCC 9.4.0]" culture="en_US" cwd="/home/daniel/data/EmmanuelProjectDev/Test" framework-version="3.6.2" machine-name="x86_64" os-architecture="64bit" os-version="5.15.0-58-generic" platform="Linux" uiculture="en_US" user="" user-domain="" /></test-suite></test-run>