<test-run asserts="0" clr-version="3.7.16 (default, Dec  7 2022, 01:12:19) &#10;[GCC 9.4.0]" duration="32" end-time="2023-04-17 19:06:10.703801" engine-version="3.6.2" failed="0" id="2" inconclusive="0" passed="0" result="Passed" skipped="0" start-time="2023-04-17 19:05:38.700015" testcasecount="1" total="1"><command-line>/snap/pycharm-community/327/plugins/python-ce/helpers/pycharm/_jb_pytest_runner.py trader_test.py::TraderTest::test_trade_do_buy</command-line><filter><test re="0">trader_test.py::TraderTest::test_trade_do_buy</test></filter><test-suite asserts="0" classname="" duration="3e-06" end-time="2023-04-17 19:05:42.685606" failed="0" fullname="trader_test.py::TraderTest" id="trader_test.py::TraderTest" inconclusive="0" label="" methodname="" name="trader_test.py::TraderTest" passed="0" result="Passed" runstate="Runnable" skipped="0" start-time="2023-04-17 19:05:42.685603" testcasecount="1" total="1" type="Assembly" warnings="0"><properties><property name="python_version" value="3.7.16 (default, Dec  7 2022, 01:12:19) &#10;[GCC 9.4.0]" /></properties><test-case asserts="0" classname="TraderTest" duration="0" end-time="2023-04-17 19:05:42.685606" fullname="trader_test.py::TraderTest::test_trade_do_buy" id="100" label="" methodname="test_trade_do_buy" name="trader_test.py::TraderTest::test_trade_do_buy" result="Inconclusive" runstate="Runnable" seed="1" start-time="2023-04-17 19:05:42.685603"><properties><property name="python-version" value="3.7.16 (default, Dec  7 2022, 01:12:19) &#10;[GCC 9.4.0]" /><property name="fspath" value="trader_test.py" /></properties><environment clr-version="3.7.16 (default, Dec  7 2022, 01:12:19) &#10;[GCC 9.4.0]" culture="en_US" cwd="/home/daniel/data/EmmanuelProjectDev/Test" framework-version="3.6.2" machine-name="x86_64" os-architecture="64bit" os-version="5.15.0-58-generic" platform="Linux" uiculture="en_US" user="" user-domain="" /><failure><message><![CDATA[]]></message><stack-trace><![CDATA[]]></stack-trace></failure><reason><message><![CDATA[]]></message></reason><output><![CDATA[]]></output></test-case><environment clr-version="3.7.16 (default, Dec  7 2022, 01:12:19) &#10;[GCC 9.4.0]" culture="en_US" cwd="/home/daniel/data/EmmanuelProjectDev/Test" framework-version="3.6.2" machine-name="x86_64" os-architecture="64bit" os-version="5.15.0-58-generic" platform="Linux" uiculture="en_US" user="" user-domain="" /></test-suite></test-run>