<test-run asserts="0" clr-version="3.7.16 (default, Dec  7 2022, 01:12:19) &#10;[GCC 9.4.0]" duration="2" end-time="2023-04-11 12:54:02.108278" engine-version="3.6.2" failed="0" id="2" inconclusive="0" passed="12" result="Passed" skipped="0" start-time="2023-04-11 12:53:59.872307" testcasecount="12" total="12"><command-line>/snap/pycharm-community/323/plugins/python-ce/helpers/pycharm/_jb_pytest_runner.py /home/daniel/data/EmmanuelProjectDev/Test</command-line><filter><test re="0">/home/daniel/data/EmmanuelProjectDev/Test</test></filter><test-suite asserts="0" classname="" duration="0.016445" end-time="2023-04-11 12:54:01.827472" failed="0" fullname="tiingo_test.py::TiingoTest" id="tiingo_test.py::TiingoTest" inconclusive="0" label="" methodname="" name="tiingo_test.py::TiingoTest" passed="3" result="Passed" runstate="Runnable" skipped="0" start-time="2023-04-11 12:54:01.811027" testcasecount="3" total="3" type="Assembly" warnings="0"><properties><property name="python_version" value="3.7.16 (default, Dec  7 2022, 01:12:19) &#10;[GCC 9.4.0]" /></properties><test-case asserts="0" classname="TiingoTest" duration="0.003743" end-time="2023-04-11 12:54:01.814770" fullname="tiingo_test.py::TiingoTest::test_get_historical_data_connection_exception" id="103" label="" methodname="test_get_historical_data_connection_exception" name="tiingo_test.py::TiingoTest::test_get_historical_data_connection_exception" result="Passed" runstate="Runnable" seed="1" start-time="2023-04-11 12:54:01.811027"><properties><property name="python-version" value="3.7.16 (default, Dec  7 2022, 01:12:19) &#10;[GCC 9.4.0]" /><property name="fspath" value="tiingo_test.py" /></properties><environment clr-version="3.7.16 (default, Dec  7 2022, 01:12:19) &#10;[GCC 9.4.0]" culture="en_US" cwd="/home/daniel/data/EmmanuelProjectDev/Test" framework-version="3.6.2" machine-name="x86_64" os-architecture="64bit" os-version="5.15.0-58-generic" platform="Linux" uiculture="en_US" user="" user-domain="" /><failure><message><![CDATA[]]></message><stack-trace><![CDATA[None]]></stack-trace></failure><reason><message><![CDATA[]]></message></reason><output><![CDATA[]]></output></test-case><test-case asserts="0" classname="TiingoTest" duration="0.003775" end-time="2023-04-11 12:54:01.820583" fullname="tiingo_test.py::TiingoTest::test_get_historical_data_no_content" id="104" label="" methodname="test_get_historical_data_no_content" name="tiingo_test.py::TiingoTest::test_get_historical_data_no_content" result="Passed" runstate="Runnable" seed="1" start-time="2023-04-11 12:54:01.816808"><properties><property name="python-version" value="3.7.16 (default, Dec  7 2022, 01:12:19) &#10;[GCC 9.4.0]" /><property name="fspath" value="tiingo_test.py" /></properties><environment clr-version="3.7.16 (default, Dec  7 2022, 01:12:19) &#10;[GCC 9.4.0]" culture="en_US" cwd="/home/daniel/data/EmmanuelProjectDev/Test" framework-version="3.6.2" machine-name="x86_64" os-architecture="64bit" os-version="5.15.0-58-generic" platform="Linux" uiculture="en_US" user="" user-domain="" /><failure><message><![CDATA[]]></message><stack-trace><![CDATA[None]]></stack-trace></failure><reason><message><![CDATA[]]></message></reason><output><![CDATA[]]></output></test-case><test-case asserts="0" classname="TiingoTest" duration="0.005291" end-time="2023-04-11 12:54:01.827472" fullname="tiingo_test.py::TiingoTest::test_load_data_connection_exception" id="105" label="" methodname="test_load_data_connection_exception" name="tiingo_test.py::TiingoTest::test_load_data_connection_exception" result="Passed" runstate="Runnable" seed="1" start-time="2023-04-11 12:54:01.822181"><properties><property name="python-version" value="3.7.16 (default, Dec  7 2022, 01:12:19) &#10;[GCC 9.4.0]" /><property name="fspath" value="tiingo_test.py" /></properties><environment clr-version="3.7.16 (default, Dec  7 2022, 01:12:19) &#10;[GCC 9.4.0]" culture="en_US" cwd="/home/daniel/data/EmmanuelProjectDev/Test" framework-version="3.6.2" machine-name="x86_64" os-architecture="64bit" os-version="5.15.0-58-generic" platform="Linux" uiculture="en_US" user="" user-domain="" /><failure><message><![CDATA[]]></message><stack-trace><![CDATA[None]]></stack-trace></failure><reason><message><![CDATA[]]></message></reason><output><![CDATA[]]></output></test-case><environment clr-version="3.7.16 (default, Dec  7 2022, 01:12:19) &#10;[GCC 9.4.0]" culture="en_US" cwd="/home/daniel/data/EmmanuelProjectDev/Test" framework-version="3.6.2" machine-name="x86_64" os-architecture="64bit" os-version="5.15.0-58-generic" platform="Linux" uiculture="en_US" user="" user-domain="" /></test-suite><test-suite asserts="0" classname="" duration="0.030398" end-time="2023-04-11 12:54:01.809047" failed="0" fullname="ig_test.py::IgTest" id="ig_test.py::IgTest" inconclusive="0" label="" methodname="" name="ig_test.py::IgTest" passed="3" result="Passed" runstate="Runnable" skipped="0" start-time="2023-04-11 12:54:01.778649" testcasecount="3" total="3" type="Assembly" warnings="0"><properties><property name="python_version" value="3.7.16 (default, Dec  7 2022, 01:12:19) &#10;[GCC 9.4.0]" /></properties><test-case asserts="0" classname="IgTest" duration="0.004541" end-time="2023-04-11 12:54:01.783190" fullname="ig_test.py::IgTest::test_get_currency" id="100" label="" methodname="test_get_currency" name="ig_test.py::IgTest::test_get_currency" result="Passed" runstate="Runnable" seed="1" start-time="2023-04-11 12:54:01.778649"><properties><property name="python-version" value="3.7.16 (default, Dec  7 2022, 01:12:19) &#10;[GCC 9.4.0]" /><property name="fspath" value="ig_test.py" /></properties><environment clr-version="3.7.16 (default, Dec  7 2022, 01:12:19) &#10;[GCC 9.4.0]" culture="en_US" cwd="/home/daniel/data/EmmanuelProjectDev/Test" framework-version="3.6.2" machine-name="x86_64" os-architecture="64bit" os-version="5.15.0-58-generic" platform="Linux" uiculture="en_US" user="" user-domain="" /><failure><message><![CDATA[]]></message><stack-trace><![CDATA[None]]></stack-trace></failure><reason><message><![CDATA[]]></message></reason><output><![CDATA[]]></output></test-case><test-case asserts="0" classname="IgTest" duration="0.00428" end-time="2023-04-11 12:54:01.788639" fullname="ig_test.py::IgTest::test_get_markets_no_return" id="101" label="" methodname="test_get_markets_no_return" name="ig_test.py::IgTest::test_get_markets_no_return" result="Passed" runstate="Runnable" seed="1" start-time="2023-04-11 12:54:01.784359"><properties><property name="python-version" value="3.7.16 (default, Dec  7 2022, 01:12:19) &#10;[GCC 9.4.0]" /><property name="fspath" value="ig_test.py" /></properties><environment clr-version="3.7.16 (default, Dec  7 2022, 01:12:19) &#10;[GCC 9.4.0]" culture="en_US" cwd="/home/daniel/data/EmmanuelProjectDev/Test" framework-version="3.6.2" machine-name="x86_64" os-architecture="64bit" os-version="5.15.0-58-generic" platform="Linux" uiculture="en_US" user="" user-domain="" /><failure><message><![CDATA[]]></message><stack-trace><![CDATA[None]]></stack-trace></failure><reason><message><![CDATA[]]></message></reason><output><![CDATA[]]></output></test-case><test-case asserts="0" classname="IgTest" duration="0.018488" end-time="2023-04-11 12:54:01.809047" fullname="ig_test.py::IgTest::test_get_markets_some_returns" id="102" label="" methodname="test_get_markets_some_returns" name="ig_test.py::IgTest::test_get_markets_some_returns" result="Passed" runstate="Runnable" seed="1" start-time="2023-04-11 12:54:01.790559"><properties><property name="python-version" value="3.7.16 (default, Dec  7 2022, 01:12:19) &#10;[GCC 9.4.0]" /><property name="fspath" value="ig_test.py" /></properties><environment clr-version="3.7.16 (default, Dec  7 2022, 01:12:19) &#10;[GCC 9.4.0]" culture="en_US" cwd="/home/daniel/data/EmmanuelProjectDev/Test" framework-version="3.6.2" machine-name="x86_64" os-architecture="64bit" os-version="5.15.0-58-generic" platform="Linux" uiculture="en_US" user="" user-domain="" /><failure><message><![CDATA[]]></message><stack-trace><![CDATA[None]]></stack-trace></failure><reason><message><![CDATA[]]></message></reason><output><![CDATA[]]></output></test-case><environment clr-version="3.7.16 (default, Dec  7 2022, 01:12:19) &#10;[GCC 9.4.0]" culture="en_US" cwd="/home/daniel/data/EmmanuelProjectDev/Test" framework-version="3.6.2" machine-name="x86_64" os-architecture="64bit" os-version="5.15.0-58-generic" platform="Linux" uiculture="en_US" user="" user-domain="" /></test-suite><test-suite asserts="0" classname="" duration="0.276703" end-time="2023-04-11 12:54:02.107926" failed="0" fullname="trader_test.py::TraderTest" id="trader_test.py::TraderTest" inconclusive="0" label="" methodname="" name="trader_test.py::TraderTest" passed="6" result="Passed" runstate="Runnable" skipped="0" start-time="2023-04-11 12:54:01.831223" testcasecount="6" total="6" type="Assembly" warnings="0"><properties><property name="python_version" value="3.7.16 (default, Dec  7 2022, 01:12:19) &#10;[GCC 9.4.0]" /></properties><test-case asserts="0" classname="TraderTest" duration="0.049185" end-time="2023-04-11 12:54:01.880408" fullname="trader_test.py::TraderTest::test_trade_do_buy" id="106" label="" methodname="test_trade_do_buy" name="trader_test.py::TraderTest::test_trade_do_buy" result="Passed" runstate="Runnable" seed="1" start-time="2023-04-11 12:54:01.831223"><properties><property name="python-version" value="3.7.16 (default, Dec  7 2022, 01:12:19) &#10;[GCC 9.4.0]" /><property name="fspath" value="trader_test.py" /></properties><environment clr-version="3.7.16 (default, Dec  7 2022, 01:12:19) &#10;[GCC 9.4.0]" culture="en_US" cwd="/home/daniel/data/EmmanuelProjectDev/Test" framework-version="3.6.2" machine-name="x86_64" os-architecture="64bit" os-version="5.15.0-58-generic" platform="Linux" uiculture="en_US" user="" user-domain="" /><failure><message><![CDATA[]]></message><stack-trace><![CDATA[None]]></stack-trace></failure><reason><message><![CDATA[]]></message></reason><output><![CDATA[]]></output></test-case><test-case asserts="0" classname="TraderTest" duration="0.046572" end-time="2023-04-11 12:54:01.928429" fullname="trader_test.py::TraderTest::test_trade_do_sell" id="107" label="" methodname="test_trade_do_sell" name="trader_test.py::TraderTest::test_trade_do_sell" result="Passed" runstate="Runnable" seed="1" start-time="2023-04-11 12:54:01.881857"><properties><property name="python-version" value="3.7.16 (default, Dec  7 2022, 01:12:19) &#10;[GCC 9.4.0]" /><property name="fspath" value="trader_test.py" /></properties><environment clr-version="3.7.16 (default, Dec  7 2022, 01:12:19) &#10;[GCC 9.4.0]" culture="en_US" cwd="/home/daniel/data/EmmanuelProjectDev/Test" framework-version="3.6.2" machine-name="x86_64" os-architecture="64bit" os-version="5.15.0-58-generic" platform="Linux" uiculture="en_US" user="" user-domain="" /><failure><message><![CDATA[]]></message><stack-trace><![CDATA[None]]></stack-trace></failure><reason><message><![CDATA[]]></message></reason><output><![CDATA[]]></output></test-case><test-case asserts="0" classname="TraderTest" duration="0.044929" end-time="2023-04-11 12:54:01.974968" fullname="trader_test.py::TraderTest::test_trade_has_open_positions" id="108" label="" methodname="test_trade_has_open_positions" name="trader_test.py::TraderTest::test_trade_has_open_positions" result="Passed" runstate="Runnable" seed="1" start-time="2023-04-11 12:54:01.930039"><properties><property name="python-version" value="3.7.16 (default, Dec  7 2022, 01:12:19) &#10;[GCC 9.4.0]" /><property name="fspath" value="trader_test.py" /></properties><environment clr-version="3.7.16 (default, Dec  7 2022, 01:12:19) &#10;[GCC 9.4.0]" culture="en_US" cwd="/home/daniel/data/EmmanuelProjectDev/Test" framework-version="3.6.2" machine-name="x86_64" os-architecture="64bit" os-version="5.15.0-58-generic" platform="Linux" uiculture="en_US" user="" user-domain="" /><failure><message><![CDATA[]]></message><stack-trace><![CDATA[None]]></stack-trace></failure><reason><message><![CDATA[]]></message></reason><output><![CDATA[]]></output></test-case><test-case asserts="0" classname="TraderTest" duration="0.045257" end-time="2023-04-11 12:54:02.021503" fullname="trader_test.py::TraderTest::test_trade_no_action" id="109" label="" methodname="test_trade_no_action" name="trader_test.py::TraderTest::test_trade_no_action" result="Passed" runstate="Runnable" seed="1" start-time="2023-04-11 12:54:01.976246"><properties><property name="python-version" value="3.7.16 (default, Dec  7 2022, 01:12:19) &#10;[GCC 9.4.0]" /><property name="fspath" value="trader_test.py" /></properties><environment clr-version="3.7.16 (default, Dec  7 2022, 01:12:19) &#10;[GCC 9.4.0]" culture="en_US" cwd="/home/daniel/data/EmmanuelProjectDev/Test" framework-version="3.6.2" machine-name="x86_64" os-architecture="64bit" os-version="5.15.0-58-generic" platform="Linux" uiculture="en_US" user="" user-domain="" /><failure><message><![CDATA[]]></message><stack-trace><![CDATA[None]]></stack-trace></failure><reason><message><![CDATA[]]></message></reason><output><![CDATA[]]></output></test-case><test-case asserts="0" classname="TraderTest" duration="0.046923" end-time="2023-04-11 12:54:02.070405" fullname="trader_test.py::TraderTest::test_trade_no_datafrom_tiingo" id="110" label="" methodname="test_trade_no_datafrom_tiingo" name="trader_test.py::TraderTest::test_trade_no_datafrom_tiingo" result="Passed" runstate="Runnable" seed="1" start-time="2023-04-11 12:54:02.023482"><properties><property name="python-version" value="3.7.16 (default, Dec  7 2022, 01:12:19) &#10;[GCC 9.4.0]" /><property name="fspath" value="trader_test.py" /></properties><environment clr-version="3.7.16 (default, Dec  7 2022, 01:12:19) &#10;[GCC 9.4.0]" culture="en_US" cwd="/home/daniel/data/EmmanuelProjectDev/Test" framework-version="3.6.2" machine-name="x86_64" os-architecture="64bit" os-version="5.15.0-58-generic" platform="Linux" uiculture="en_US" user="" user-domain="" /><failure><message><![CDATA[]]></message><stack-trace><![CDATA[None]]></stack-trace></failure><reason><message><![CDATA[]]></message></reason><output><![CDATA[]]></output></test-case><test-case asserts="0" classname="TraderTest" duration="0.036345" end-time="2023-04-11 12:54:02.107926" fullname="trader_test.py::TraderTest::test_trade_spread_to_big" id="111" label="" methodname="test_trade_spread_to_big" name="trader_test.py::TraderTest::test_trade_spread_to_big" result="Passed" runstate="Runnable" seed="1" start-time="2023-04-11 12:54:02.071581"><properties><property name="python-version" value="3.7.16 (default, Dec  7 2022, 01:12:19) &#10;[GCC 9.4.0]" /><property name="fspath" value="trader_test.py" /></properties><environment clr-version="3.7.16 (default, Dec  7 2022, 01:12:19) &#10;[GCC 9.4.0]" culture="en_US" cwd="/home/daniel/data/EmmanuelProjectDev/Test" framework-version="3.6.2" machine-name="x86_64" os-architecture="64bit" os-version="5.15.0-58-generic" platform="Linux" uiculture="en_US" user="" user-domain="" /><failure><message><![CDATA[]]></message><stack-trace><![CDATA[None]]></stack-trace></failure><reason><message><![CDATA[]]></message></reason><output><![CDATA[]]></output></test-case><environment clr-version="3.7.16 (default, Dec  7 2022, 01:12:19) &#10;[GCC 9.4.0]" culture="en_US" cwd="/home/daniel/data/EmmanuelProjectDev/Test" framework-version="3.6.2" machine-name="x86_64" os-architecture="64bit" os-version="5.15.0-58-generic" platform="Linux" uiculture="en_US" user="" user-domain="" /></test-suite></test-run>