<test-run asserts="0" clr-version="3.7.16 (default, Dec  7 2022, 01:12:19) &#10;[GCC 9.4.0]" duration="2" end-time="2023-04-20 08:30:54.737642" engine-version="3.6.2" failed="0" id="2" inconclusive="0" passed="23" result="Passed" skipped="0" start-time="2023-04-20 08:30:52.326554" testcasecount="23" total="23"><command-line>/snap/pycharm-community/327/plugins/python-ce/helpers/pycharm/_jb_pytest_runner.py /home/daniel/data/EmmanuelProjectDev/Test</command-line><filter><test re="0">/home/daniel/data/EmmanuelProjectDev/Test</test></filter><test-suite asserts="0" classname="" duration="0.081593" end-time="2023-04-20 08:30:54.284784" failed="0" fullname="predictor_test.py::RsiStochTest" id="predictor_test.py::RsiStochTest" inconclusive="0" label="" methodname="" name="predictor_test.py::RsiStochTest" passed="5" result="Passed" runstate="Runnable" skipped="0" start-time="2023-04-20 08:30:54.203191" testcasecount="5" total="5" type="Assembly" warnings="0"><properties><property name="python_version" value="3.7.16 (default, Dec  7 2022, 01:12:19) &#10;[GCC 9.4.0]" /></properties><test-case asserts="0" classname="RsiStochTest" duration="0.024773" end-time="2023-04-20 08:30:54.227964" fullname="predictor_test.py::RsiStochTest::test_buy" id="105" label="" methodname="test_buy" name="predictor_test.py::RsiStochTest::test_buy" result="Passed" runstate="Runnable" seed="1" start-time="2023-04-20 08:30:54.203191"><properties><property name="python-version" value="3.7.16 (default, Dec  7 2022, 01:12:19) &#10;[GCC 9.4.0]" /><property name="fspath" value="predictor_test.py" /></properties><environment clr-version="3.7.16 (default, Dec  7 2022, 01:12:19) &#10;[GCC 9.4.0]" culture="en_US" cwd="/home/daniel/data/EmmanuelProjectDev/Test" framework-version="3.6.2" machine-name="x86_64" os-architecture="64bit" os-version="5.15.0-58-generic" platform="Linux" uiculture="en_US" user="" user-domain="" /><failure><message><![CDATA[]]></message><stack-trace><![CDATA[None]]></stack-trace></failure><reason><message><![CDATA[]]></message></reason><output><![CDATA[]]></output></test-case><test-case asserts="0" classname="RsiStochTest" duration="0.018864" end-time="2023-04-20 08:30:54.248894" fullname="predictor_test.py::RsiStochTest::test_df_no_peek" id="106" label="" methodname="test_df_no_peek" name="predictor_test.py::RsiStochTest::test_df_no_peek" result="Passed" runstate="Runnable" seed="1" start-time="2023-04-20 08:30:54.230030"><properties><property name="python-version" value="3.7.16 (default, Dec  7 2022, 01:12:19) &#10;[GCC 9.4.0]" /><property name="fspath" value="predictor_test.py" /></properties><environment clr-version="3.7.16 (default, Dec  7 2022, 01:12:19) &#10;[GCC 9.4.0]" culture="en_US" cwd="/home/daniel/data/EmmanuelProjectDev/Test" framework-version="3.6.2" machine-name="x86_64" os-architecture="64bit" os-version="5.15.0-58-generic" platform="Linux" uiculture="en_US" user="" user-domain="" /><failure><message><![CDATA[]]></message><stack-trace><![CDATA[None]]></stack-trace></failure><reason><message><![CDATA[]]></message></reason><output><![CDATA[]]></output></test-case><test-case asserts="0" classname="RsiStochTest" duration="0.004291" end-time="2023-04-20 08:30:54.253965" fullname="predictor_test.py::RsiStochTest::test_df_to_small" id="107" label="" methodname="test_df_to_small" name="predictor_test.py::RsiStochTest::test_df_to_small" result="Passed" runstate="Runnable" seed="1" start-time="2023-04-20 08:30:54.249674"><properties><property name="python-version" value="3.7.16 (default, Dec  7 2022, 01:12:19) &#10;[GCC 9.4.0]" /><property name="fspath" value="predictor_test.py" /></properties><environment clr-version="3.7.16 (default, Dec  7 2022, 01:12:19) &#10;[GCC 9.4.0]" culture="en_US" cwd="/home/daniel/data/EmmanuelProjectDev/Test" framework-version="3.6.2" machine-name="x86_64" os-architecture="64bit" os-version="5.15.0-58-generic" platform="Linux" uiculture="en_US" user="" user-domain="" /><failure><message><![CDATA[]]></message><stack-trace><![CDATA[None]]></stack-trace></failure><reason><message><![CDATA[]]></message></reason><output><![CDATA[]]></output></test-case><test-case asserts="0" classname="RsiStochTest" duration="0.012883" end-time="2023-04-20 08:30:54.267753" fullname="predictor_test.py::RsiStochTest::test_none_peek_to_far_away" id="108" label="" methodname="test_none_peek_to_far_away" name="predictor_test.py::RsiStochTest::test_none_peek_to_far_away" result="Passed" runstate="Runnable" seed="1" start-time="2023-04-20 08:30:54.254870"><properties><property name="python-version" value="3.7.16 (default, Dec  7 2022, 01:12:19) &#10;[GCC 9.4.0]" /><property name="fspath" value="predictor_test.py" /></properties><environment clr-version="3.7.16 (default, Dec  7 2022, 01:12:19) &#10;[GCC 9.4.0]" culture="en_US" cwd="/home/daniel/data/EmmanuelProjectDev/Test" framework-version="3.6.2" machine-name="x86_64" os-architecture="64bit" os-version="5.15.0-58-generic" platform="Linux" uiculture="en_US" user="" user-domain="" /><failure><message><![CDATA[]]></message><stack-trace><![CDATA[None]]></stack-trace></failure><reason><message><![CDATA[]]></message></reason><output><![CDATA[]]></output></test-case><test-case asserts="0" classname="RsiStochTest" duration="0.015909" end-time="2023-04-20 08:30:54.284784" fullname="predictor_test.py::RsiStochTest::test_sell" id="109" label="" methodname="test_sell" name="predictor_test.py::RsiStochTest::test_sell" result="Passed" runstate="Runnable" seed="1" start-time="2023-04-20 08:30:54.268875"><properties><property name="python-version" value="3.7.16 (default, Dec  7 2022, 01:12:19) &#10;[GCC 9.4.0]" /><property name="fspath" value="predictor_test.py" /></properties><environment clr-version="3.7.16 (default, Dec  7 2022, 01:12:19) &#10;[GCC 9.4.0]" culture="en_US" cwd="/home/daniel/data/EmmanuelProjectDev/Test" framework-version="3.6.2" machine-name="x86_64" os-architecture="64bit" os-version="5.15.0-58-generic" platform="Linux" uiculture="en_US" user="" user-domain="" /><failure><message><![CDATA[]]></message><stack-trace><![CDATA[None]]></stack-trace></failure><reason><message><![CDATA[]]></message></reason><output><![CDATA[]]></output></test-case><environment clr-version="3.7.16 (default, Dec  7 2022, 01:12:19) &#10;[GCC 9.4.0]" culture="en_US" cwd="/home/daniel/data/EmmanuelProjectDev/Test" framework-version="3.6.2" machine-name="x86_64" os-architecture="64bit" os-version="5.15.0-58-generic" platform="Linux" uiculture="en_US" user="" user-domain="" /></test-suite><test-suite asserts="0" classname="" duration="0.439122" end-time="2023-04-20 08:30:54.737438" failed="0" fullname="trader_test.py::TraderTest" id="trader_test.py::TraderTest" inconclusive="0" label="" methodname="" name="trader_test.py::TraderTest" passed="10" result="Passed" runstate="Runnable" skipped="0" start-time="2023-04-20 08:30:54.298316" testcasecount="10" total="10" type="Assembly" warnings="0"><properties><property name="python_version" value="3.7.16 (default, Dec  7 2022, 01:12:19) &#10;[GCC 9.4.0]" /></properties><test-case asserts="0" classname="TraderTest" duration="0.055732" end-time="2023-04-20 08:30:54.354048" fullname="trader_test.py::TraderTest::test_trade_action_none" id="113" label="" methodname="test_trade_action_none" name="trader_test.py::TraderTest::test_trade_action_none" result="Passed" runstate="Runnable" seed="1" start-time="2023-04-20 08:30:54.298316"><properties><property name="python-version" value="3.7.16 (default, Dec  7 2022, 01:12:19) &#10;[GCC 9.4.0]" /><property name="fspath" value="trader_test.py" /></properties><environment clr-version="3.7.16 (default, Dec  7 2022, 01:12:19) &#10;[GCC 9.4.0]" culture="en_US" cwd="/home/daniel/data/EmmanuelProjectDev/Test" framework-version="3.6.2" machine-name="x86_64" os-architecture="64bit" os-version="5.15.0-58-generic" platform="Linux" uiculture="en_US" user="" user-domain="" /><failure><message><![CDATA[]]></message><stack-trace><![CDATA[None]]></stack-trace></failure><reason><message><![CDATA[]]></message></reason><output><![CDATA[]]></output></test-case><test-case asserts="0" classname="TraderTest" duration="0.048912" end-time="2023-04-20 08:30:54.404934" fullname="trader_test.py::TraderTest::test_trade_do_buy" id="114" label="" methodname="test_trade_do_buy" name="trader_test.py::TraderTest::test_trade_do_buy" result="Passed" runstate="Runnable" seed="1" start-time="2023-04-20 08:30:54.356022"><properties><property name="python-version" value="3.7.16 (default, Dec  7 2022, 01:12:19) &#10;[GCC 9.4.0]" /><property name="fspath" value="trader_test.py" /></properties><environment clr-version="3.7.16 (default, Dec  7 2022, 01:12:19) &#10;[GCC 9.4.0]" culture="en_US" cwd="/home/daniel/data/EmmanuelProjectDev/Test" framework-version="3.6.2" machine-name="x86_64" os-architecture="64bit" os-version="5.15.0-58-generic" platform="Linux" uiculture="en_US" user="" user-domain="" /><failure><message><![CDATA[]]></message><stack-trace><![CDATA[None]]></stack-trace></failure><reason><message><![CDATA[]]></message></reason><output><![CDATA[]]></output></test-case><test-case asserts="0" classname="TraderTest" duration="0.035729" end-time="2023-04-20 08:30:54.441941" fullname="trader_test.py::TraderTest::test_trade_do_sell" id="115" label="" methodname="test_trade_do_sell" name="trader_test.py::TraderTest::test_trade_do_sell" result="Passed" runstate="Runnable" seed="1" start-time="2023-04-20 08:30:54.406212"><properties><property name="python-version" value="3.7.16 (default, Dec  7 2022, 01:12:19) &#10;[GCC 9.4.0]" /><property name="fspath" value="trader_test.py" /></properties><environment clr-version="3.7.16 (default, Dec  7 2022, 01:12:19) &#10;[GCC 9.4.0]" culture="en_US" cwd="/home/daniel/data/EmmanuelProjectDev/Test" framework-version="3.6.2" machine-name="x86_64" os-architecture="64bit" os-version="5.15.0-58-generic" platform="Linux" uiculture="en_US" user="" user-domain="" /><failure><message><![CDATA[]]></message><stack-trace><![CDATA[None]]></stack-trace></failure><reason><message><![CDATA[]]></message></reason><output><![CDATA[]]></output></test-case><test-case asserts="0" classname="TraderTest" duration="0.043844" end-time="2023-04-20 08:30:54.486807" fullname="trader_test.py::TraderTest::test_trade_evaluation_to_bad" id="116" label="" methodname="test_trade_evaluation_to_bad" name="trader_test.py::TraderTest::test_trade_evaluation_to_bad" result="Passed" runstate="Runnable" seed="1" start-time="2023-04-20 08:30:54.442963"><properties><property name="python-version" value="3.7.16 (default, Dec  7 2022, 01:12:19) &#10;[GCC 9.4.0]" /><property name="fspath" value="trader_test.py" /></properties><environment clr-version="3.7.16 (default, Dec  7 2022, 01:12:19) &#10;[GCC 9.4.0]" culture="en_US" cwd="/home/daniel/data/EmmanuelProjectDev/Test" framework-version="3.6.2" machine-name="x86_64" os-architecture="64bit" os-version="5.15.0-58-generic" platform="Linux" uiculture="en_US" user="" user-domain="" /><failure><message><![CDATA[]]></message><stack-trace><![CDATA[None]]></stack-trace></failure><reason><message><![CDATA[]]></message></reason><output><![CDATA[]]></output></test-case><test-case asserts="0" classname="TraderTest" duration="0.055702" end-time="2023-04-20 08:30:54.544342" fullname="trader_test.py::TraderTest::test_trade_evaluation_to_bad_fit_better" id="117" label="" methodname="test_trade_evaluation_to_bad_fit_better" name="trader_test.py::TraderTest::test_trade_evaluation_to_bad_fit_better" result="Passed" runstate="Runnable" seed="1" start-time="2023-04-20 08:30:54.488640"><properties><property name="python-version" value="3.7.16 (default, Dec  7 2022, 01:12:19) &#10;[GCC 9.4.0]" /><property name="fspath" value="trader_test.py" /></properties><environment clr-version="3.7.16 (default, Dec  7 2022, 01:12:19) &#10;[GCC 9.4.0]" culture="en_US" cwd="/home/daniel/data/EmmanuelProjectDev/Test" framework-version="3.6.2" machine-name="x86_64" os-architecture="64bit" os-version="5.15.0-58-generic" platform="Linux" uiculture="en_US" user="" user-domain="" /><failure><message><![CDATA[]]></message><stack-trace><![CDATA[None]]></stack-trace></failure><reason><message><![CDATA[]]></message></reason><output><![CDATA[]]></output></test-case><test-case asserts="0" classname="TraderTest" duration="0.039986" end-time="2023-04-20 08:30:54.585575" fullname="trader_test.py::TraderTest::test_trade_has_open_buy_positions" id="118" label="" methodname="test_trade_has_open_buy_positions" name="trader_test.py::TraderTest::test_trade_has_open_buy_positions" result="Passed" runstate="Runnable" seed="1" start-time="2023-04-20 08:30:54.545589"><properties><property name="python-version" value="3.7.16 (default, Dec  7 2022, 01:12:19) &#10;[GCC 9.4.0]" /><property name="fspath" value="trader_test.py" /></properties><environment clr-version="3.7.16 (default, Dec  7 2022, 01:12:19) &#10;[GCC 9.4.0]" culture="en_US" cwd="/home/daniel/data/EmmanuelProjectDev/Test" framework-version="3.6.2" machine-name="x86_64" os-architecture="64bit" os-version="5.15.0-58-generic" platform="Linux" uiculture="en_US" user="" user-domain="" /><failure><message><![CDATA[]]></message><stack-trace><![CDATA[None]]></stack-trace></failure><reason><message><![CDATA[]]></message></reason><output><![CDATA[]]></output></test-case><test-case asserts="0" classname="TraderTest" duration="0.068186" end-time="2023-04-20 08:30:54.655334" fullname="trader_test.py::TraderTest::test_trade_has_open_sell_positions" id="119" label="" methodname="test_trade_has_open_sell_positions" name="trader_test.py::TraderTest::test_trade_has_open_sell_positions" result="Passed" runstate="Runnable" seed="1" start-time="2023-04-20 08:30:54.587148"><properties><property name="python-version" value="3.7.16 (default, Dec  7 2022, 01:12:19) &#10;[GCC 9.4.0]" /><property name="fspath" value="trader_test.py" /></properties><environment clr-version="3.7.16 (default, Dec  7 2022, 01:12:19) &#10;[GCC 9.4.0]" culture="en_US" cwd="/home/daniel/data/EmmanuelProjectDev/Test" framework-version="3.6.2" machine-name="x86_64" os-architecture="64bit" os-version="5.15.0-58-generic" platform="Linux" uiculture="en_US" user="" user-domain="" /><failure><message><![CDATA[]]></message><stack-trace><![CDATA[None]]></stack-trace></failure><reason><message><![CDATA[]]></message></reason><output><![CDATA[]]></output></test-case><test-case asserts="0" classname="TraderTest" duration="0.02524" end-time="2023-04-20 08:30:54.681311" fullname="trader_test.py::TraderTest::test_trade_no_data" id="120" label="" methodname="test_trade_no_data" name="trader_test.py::TraderTest::test_trade_no_data" result="Passed" runstate="Runnable" seed="1" start-time="2023-04-20 08:30:54.656071"><properties><property name="python-version" value="3.7.16 (default, Dec  7 2022, 01:12:19) &#10;[GCC 9.4.0]" /><property name="fspath" value="trader_test.py" /></properties><environment clr-version="3.7.16 (default, Dec  7 2022, 01:12:19) &#10;[GCC 9.4.0]" culture="en_US" cwd="/home/daniel/data/EmmanuelProjectDev/Test" framework-version="3.6.2" machine-name="x86_64" os-architecture="64bit" os-version="5.15.0-58-generic" platform="Linux" uiculture="en_US" user="" user-domain="" /><failure><message><![CDATA[]]></message><stack-trace><![CDATA[None]]></stack-trace></failure><reason><message><![CDATA[]]></message></reason><output><![CDATA[]]></output></test-case><test-case asserts="0" classname="TraderTest" duration="0.026737" end-time="2023-04-20 08:30:54.708790" fullname="trader_test.py::TraderTest::test_trade_no_datafrom_tiingo" id="121" label="" methodname="test_trade_no_datafrom_tiingo" name="trader_test.py::TraderTest::test_trade_no_datafrom_tiingo" result="Passed" runstate="Runnable" seed="1" start-time="2023-04-20 08:30:54.682053"><properties><property name="python-version" value="3.7.16 (default, Dec  7 2022, 01:12:19) &#10;[GCC 9.4.0]" /><property name="fspath" value="trader_test.py" /></properties><environment clr-version="3.7.16 (default, Dec  7 2022, 01:12:19) &#10;[GCC 9.4.0]" culture="en_US" cwd="/home/daniel/data/EmmanuelProjectDev/Test" framework-version="3.6.2" machine-name="x86_64" os-architecture="64bit" os-version="5.15.0-58-generic" platform="Linux" uiculture="en_US" user="" user-domain="" /><failure><message><![CDATA[]]></message><stack-trace><![CDATA[None]]></stack-trace></failure><reason><message><![CDATA[]]></message></reason><output><![CDATA[]]></output></test-case><test-case asserts="0" classname="TraderTest" duration="0.027908" end-time="2023-04-20 08:30:54.737438" fullname="trader_test.py::TraderTest::test_trade_spread_to_big" id="122" label="" methodname="test_trade_spread_to_big" name="trader_test.py::TraderTest::test_trade_spread_to_big" result="Passed" runstate="Runnable" seed="1" start-time="2023-04-20 08:30:54.709530"><properties><property name="python-version" value="3.7.16 (default, Dec  7 2022, 01:12:19) &#10;[GCC 9.4.0]" /><property name="fspath" value="trader_test.py" /></properties><environment clr-version="3.7.16 (default, Dec  7 2022, 01:12:19) &#10;[GCC 9.4.0]" culture="en_US" cwd="/home/daniel/data/EmmanuelProjectDev/Test" framework-version="3.6.2" machine-name="x86_64" os-architecture="64bit" os-version="5.15.0-58-generic" platform="Linux" uiculture="en_US" user="" user-domain="" /><failure><message><![CDATA[]]></message><stack-trace><![CDATA[None]]></stack-trace></failure><reason><message><![CDATA[]]></message></reason><output><![CDATA[]]></output></test-case><environment clr-version="3.7.16 (default, Dec  7 2022, 01:12:19) &#10;[GCC 9.4.0]" culture="en_US" cwd="/home/daniel/data/EmmanuelProjectDev/Test" framework-version="3.6.2" machine-name="x86_64" os-architecture="64bit" os-version="5.15.0-58-generic" platform="Linux" uiculture="en_US" user="" user-domain="" /></test-suite><test-suite asserts="0" classname="" duration="0.106079" end-time="2023-04-20 08:30:54.195088" failed="0" fullname="ig_test.py::IgTest" id="ig_test.py::IgTest" inconclusive="0" label="" methodname="" name="ig_test.py::IgTest" passed="3" result="Passed" runstate="Runnable" skipped="0" start-time="2023-04-20 08:30:54.089009" testcasecount="3" total="3" type="Assembly" warnings="0"><properties><property name="python_version" value="3.7.16 (default, Dec  7 2022, 01:12:19) &#10;[GCC 9.4.0]" /></properties><test-case asserts="0" classname="IgTest" duration="0.004744" end-time="2023-04-20 08:30:54.093753" fullname="ig_test.py::IgTest::test_get_currency" id="100" label="" methodname="test_get_currency" name="ig_test.py::IgTest::test_get_currency" result="Passed" runstate="Runnable" seed="1" start-time="2023-04-20 08:30:54.089009"><properties><property name="python-version" value="3.7.16 (default, Dec  7 2022, 01:12:19) &#10;[GCC 9.4.0]" /><property name="fspath" value="ig_test.py" /></properties><environment clr-version="3.7.16 (default, Dec  7 2022, 01:12:19) &#10;[GCC 9.4.0]" culture="en_US" cwd="/home/daniel/data/EmmanuelProjectDev/Test" framework-version="3.6.2" machine-name="x86_64" os-architecture="64bit" os-version="5.15.0-58-generic" platform="Linux" uiculture="en_US" user="" user-domain="" /><failure><message><![CDATA[]]></message><stack-trace><![CDATA[None]]></stack-trace></failure><reason><message><![CDATA[]]></message></reason><output><![CDATA[]]></output></test-case><test-case asserts="0" classname="IgTest" duration="0.00718" end-time="2023-04-20 08:30:54.102339" fullname="ig_test.py::IgTest::test_get_markets_no_return" id="101" label="" methodname="test_get_markets_no_return" name="ig_test.py::IgTest::test_get_markets_no_return" result="Passed" runstate="Runnable" seed="1" start-time="2023-04-20 08:30:54.095159"><properties><property name="python-version" value="3.7.16 (default, Dec  7 2022, 01:12:19) &#10;[GCC 9.4.0]" /><property name="fspath" value="ig_test.py" /></properties><environment clr-version="3.7.16 (default, Dec  7 2022, 01:12:19) &#10;[GCC 9.4.0]" culture="en_US" cwd="/home/daniel/data/EmmanuelProjectDev/Test" framework-version="3.6.2" machine-name="x86_64" os-architecture="64bit" os-version="5.15.0-58-generic" platform="Linux" uiculture="en_US" user="" user-domain="" /><failure><message><![CDATA[]]></message><stack-trace><![CDATA[None]]></stack-trace></failure><reason><message><![CDATA[]]></message></reason><output><![CDATA[]]></output></test-case><test-case asserts="0" classname="IgTest" duration="0.09148" end-time="2023-04-20 08:30:54.195088" fullname="ig_test.py::IgTest::test_get_markets_some_returns" id="102" label="" methodname="test_get_markets_some_returns" name="ig_test.py::IgTest::test_get_markets_some_returns" result="Passed" runstate="Runnable" seed="1" start-time="2023-04-20 08:30:54.103608"><properties><property name="python-version" value="3.7.16 (default, Dec  7 2022, 01:12:19) &#10;[GCC 9.4.0]" /><property name="fspath" value="ig_test.py" /></properties><environment clr-version="3.7.16 (default, Dec  7 2022, 01:12:19) &#10;[GCC 9.4.0]" culture="en_US" cwd="/home/daniel/data/EmmanuelProjectDev/Test" framework-version="3.6.2" machine-name="x86_64" os-architecture="64bit" os-version="5.15.0-58-generic" platform="Linux" uiculture="en_US" user="" user-domain="" /><failure><message><![CDATA[]]></message><stack-trace><![CDATA[None]]></stack-trace></failure><reason><message><![CDATA[]]></message></reason><output><![CDATA[]]></output></test-case><environment clr-version="3.7.16 (default, Dec  7 2022, 01:12:19) &#10;[GCC 9.4.0]" culture="en_US" cwd="/home/daniel/data/EmmanuelProjectDev/Test" framework-version="3.6.2" machine-name="x86_64" os-architecture="64bit" os-version="5.15.0-58-generic" platform="Linux" uiculture="en_US" user="" user-domain="" /></test-suite><test-suite asserts="0" classname="" duration="0.010406" end-time="2023-04-20 08:30:54.296909" failed="0" fullname="tiingo_test.py::TiingoTest" id="tiingo_test.py::TiingoTest" inconclusive="0" label="" methodname="" name="tiingo_test.py::TiingoTest" passed="3" result="Passed" runstate="Runnable" skipped="0" start-time="2023-04-20 08:30:54.286503" testcasecount="3" total="3" type="Assembly" warnings="0"><properties><property name="python_version" value="3.7.16 (default, Dec  7 2022, 01:12:19) &#10;[GCC 9.4.0]" /></properties><test-case asserts="0" classname="TiingoTest" duration="0.002447" end-time="2023-04-20 08:30:54.288950" fullname="tiingo_test.py::TiingoTest::test_get_historical_data_connection_exception" id="110" label="" methodname="test_get_historical_data_connection_exception" name="tiingo_test.py::TiingoTest::test_get_historical_data_connection_exception" result="Passed" runstate="Runnable" seed="1" start-time="2023-04-20 08:30:54.286503"><properties><property name="python-version" value="3.7.16 (default, Dec  7 2022, 01:12:19) &#10;[GCC 9.4.0]" /><property name="fspath" value="tiingo_test.py" /></properties><environment clr-version="3.7.16 (default, Dec  7 2022, 01:12:19) &#10;[GCC 9.4.0]" culture="en_US" cwd="/home/daniel/data/EmmanuelProjectDev/Test" framework-version="3.6.2" machine-name="x86_64" os-architecture="64bit" os-version="5.15.0-58-generic" platform="Linux" uiculture="en_US" user="" user-domain="" /><failure><message><![CDATA[]]></message><stack-trace><![CDATA[None]]></stack-trace></failure><reason><message><![CDATA[]]></message></reason><output><![CDATA[]]></output></test-case><test-case asserts="0" classname="TiingoTest" duration="0.002117" end-time="2023-04-20 08:30:54.292018" fullname="tiingo_test.py::TiingoTest::test_get_historical_data_no_content" id="111" label="" methodname="test_get_historical_data_no_content" name="tiingo_test.py::TiingoTest::test_get_historical_data_no_content" result="Passed" runstate="Runnable" seed="1" start-time="2023-04-20 08:30:54.289901"><properties><property name="python-version" value="3.7.16 (default, Dec  7 2022, 01:12:19) &#10;[GCC 9.4.0]" /><property name="fspath" value="tiingo_test.py" /></properties><environment clr-version="3.7.16 (default, Dec  7 2022, 01:12:19) &#10;[GCC 9.4.0]" culture="en_US" cwd="/home/daniel/data/EmmanuelProjectDev/Test" framework-version="3.6.2" machine-name="x86_64" os-architecture="64bit" os-version="5.15.0-58-generic" platform="Linux" uiculture="en_US" user="" user-domain="" /><failure><message><![CDATA[]]></message><stack-trace><![CDATA[None]]></stack-trace></failure><reason><message><![CDATA[]]></message></reason><output><![CDATA[]]></output></test-case><test-case asserts="0" classname="TiingoTest" duration="0.003793" end-time="2023-04-20 08:30:54.296909" fullname="tiingo_test.py::TiingoTest::test_load_data_connection_exception" id="112" label="" methodname="test_load_data_connection_exception" name="tiingo_test.py::TiingoTest::test_load_data_connection_exception" result="Passed" runstate="Runnable" seed="1" start-time="2023-04-20 08:30:54.293116"><properties><property name="python-version" value="3.7.16 (default, Dec  7 2022, 01:12:19) &#10;[GCC 9.4.0]" /><property name="fspath" value="tiingo_test.py" /></properties><environment clr-version="3.7.16 (default, Dec  7 2022, 01:12:19) &#10;[GCC 9.4.0]" culture="en_US" cwd="/home/daniel/data/EmmanuelProjectDev/Test" framework-version="3.6.2" machine-name="x86_64" os-architecture="64bit" os-version="5.15.0-58-generic" platform="Linux" uiculture="en_US" user="" user-domain="" /><failure><message><![CDATA[]]></message><stack-trace><![CDATA[None]]></stack-trace></failure><reason><message><![CDATA[]]></message></reason><output><![CDATA[]]></output></test-case><environment clr-version="3.7.16 (default, Dec  7 2022, 01:12:19) &#10;[GCC 9.4.0]" culture="en_US" cwd="/home/daniel/data/EmmanuelProjectDev/Test" framework-version="3.6.2" machine-name="x86_64" os-architecture="64bit" os-version="5.15.0-58-generic" platform="Linux" uiculture="en_US" user="" user-domain="" /></test-suite><test-suite asserts="0" classname="" duration="0.004026" end-time="2023-04-20 08:30:54.201895" failed="0" fullname="predictor_test.py::PredictorTest" id="predictor_test.py::PredictorTest" inconclusive="0" label="" methodname="" name="predictor_test.py::PredictorTest" passed="2" result="Passed" runstate="Runnable" skipped="0" start-time="2023-04-20 08:30:54.197869" testcasecount="2" total="2" type="Assembly" warnings="0"><properties><property name="python_version" value="3.7.16 (default, Dec  7 2022, 01:12:19) &#10;[GCC 9.4.0]" /></properties><test-case asserts="0" classname="PredictorTest" duration="0.00179" end-time="2023-04-20 08:30:54.199659" fullname="predictor_test.py::PredictorTest::test_set_config_GBPUSD" id="103" label="" methodname="test_set_config_GBPUSD" name="predictor_test.py::PredictorTest::test_set_config_GBPUSD" result="Passed" runstate="Runnable" seed="1" start-time="2023-04-20 08:30:54.197869"><properties><property name="python-version" value="3.7.16 (default, Dec  7 2022, 01:12:19) &#10;[GCC 9.4.0]" /><property name="fspath" value="predictor_test.py" /></properties><environment clr-version="3.7.16 (default, Dec  7 2022, 01:12:19) &#10;[GCC 9.4.0]" culture="en_US" cwd="/home/daniel/data/EmmanuelProjectDev/Test" framework-version="3.6.2" machine-name="x86_64" os-architecture="64bit" os-version="5.15.0-58-generic" platform="Linux" uiculture="en_US" user="" user-domain="" /><failure><message><![CDATA[]]></message><stack-trace><![CDATA[None]]></stack-trace></failure><reason><message><![CDATA[]]></message></reason><output><![CDATA[]]></output></test-case><test-case asserts="0" classname="PredictorTest" duration="0.001155" end-time="2023-04-20 08:30:54.201895" fullname="predictor_test.py::PredictorTest::test_set_config_default" id="104" label="" methodname="test_set_config_default" name="predictor_test.py::PredictorTest::test_set_config_default" result="Passed" runstate="Runnable" seed="1" start-time="2023-04-20 08:30:54.200740"><properties><property name="python-version" value="3.7.16 (default, Dec  7 2022, 01:12:19) &#10;[GCC 9.4.0]" /><property name="fspath" value="predictor_test.py" /></properties><environment clr-version="3.7.16 (default, Dec  7 2022, 01:12:19) &#10;[GCC 9.4.0]" culture="en_US" cwd="/home/daniel/data/EmmanuelProjectDev/Test" framework-version="3.6.2" machine-name="x86_64" os-architecture="64bit" os-version="5.15.0-58-generic" platform="Linux" uiculture="en_US" user="" user-domain="" /><failure><message><![CDATA[]]></message><stack-trace><![CDATA[None]]></stack-trace></failure><reason><message><![CDATA[]]></message></reason><output><![CDATA[]]></output></test-case><environment clr-version="3.7.16 (default, Dec  7 2022, 01:12:19) &#10;[GCC 9.4.0]" culture="en_US" cwd="/home/daniel/data/EmmanuelProjectDev/Test" framework-version="3.6.2" machine-name="x86_64" os-architecture="64bit" os-version="5.15.0-58-generic" platform="Linux" uiculture="en_US" user="" user-domain="" /></test-suite></test-run>