<test-run asserts="0" clr-version="3.7.16 (default, Dec  7 2022, 01:12:19) &#10;[GCC 9.4.0]" duration="2" end-time="2023-04-20 11:03:33.641108" engine-version="3.6.2" failed="0" id="2" inconclusive="0" passed="28" result="Passed" skipped="0" start-time="2023-04-20 11:03:31.606298" testcasecount="28" total="28"><command-line>/snap/pycharm-community/327/plugins/python-ce/helpers/pycharm/_jb_pytest_runner.py /home/daniel/data/EmmanuelProjectDev/Test</command-line><filter><test re="0">/home/daniel/data/EmmanuelProjectDev/Test</test></filter><test-suite asserts="0" classname="" duration="0.005376" end-time="2023-04-20 11:03:33.093385" failed="0" fullname="predictor_test.py::PredictorTest" id="predictor_test.py::PredictorTest" inconclusive="0" label="" methodname="" name="predictor_test.py::PredictorTest" passed="2" result="Passed" runstate="Runnable" skipped="0" start-time="2023-04-20 11:03:33.088009" testcasecount="2" total="2" type="Assembly" warnings="0"><properties><property name="python_version" value="3.7.16 (default, Dec  7 2022, 01:12:19) &#10;[GCC 9.4.0]" /></properties><test-case asserts="0" classname="PredictorTest" duration="0.001594" end-time="2023-04-20 11:03:33.089603" fullname="predictor_test.py::PredictorTest::test_set_config_GBPUSD" id="103" label="" methodname="test_set_config_GBPUSD" name="predictor_test.py::PredictorTest::test_set_config_GBPUSD" result="Passed" runstate="Runnable" seed="1" start-time="2023-04-20 11:03:33.088009"><properties><property name="python-version" value="3.7.16 (default, Dec  7 2022, 01:12:19) &#10;[GCC 9.4.0]" /><property name="fspath" value="predictor_test.py" /></properties><environment clr-version="3.7.16 (default, Dec  7 2022, 01:12:19) &#10;[GCC 9.4.0]" culture="en_US" cwd="/home/daniel/data/EmmanuelProjectDev/Test" framework-version="3.6.2" machine-name="x86_64" os-architecture="64bit" os-version="5.15.0-58-generic" platform="Linux" uiculture="en_US" user="" user-domain="" /><failure><message><![CDATA[]]></message><stack-trace><![CDATA[None]]></stack-trace></failure><reason><message><![CDATA[]]></message></reason><output><![CDATA[]]></output></test-case><test-case asserts="0" classname="PredictorTest" duration="0.002048" end-time="2023-04-20 11:03:33.093385" fullname="predictor_test.py::PredictorTest::test_set_config_default" id="104" label="" methodname="test_set_config_default" name="predictor_test.py::PredictorTest::test_set_config_default" result="Passed" runstate="Runnable" seed="1" start-time="2023-04-20 11:03:33.091337"><properties><property name="python-version" value="3.7.16 (default, Dec  7 2022, 01:12:19) &#10;[GCC 9.4.0]" /><property name="fspath" value="predictor_test.py" /></properties><environment clr-version="3.7.16 (default, Dec  7 2022, 01:12:19) &#10;[GCC 9.4.0]" culture="en_US" cwd="/home/daniel/data/EmmanuelProjectDev/Test" framework-version="3.6.2" machine-name="x86_64" os-architecture="64bit" os-version="5.15.0-58-generic" platform="Linux" uiculture="en_US" user="" user-domain="" /><failure><message><![CDATA[]]></message><stack-trace><![CDATA[None]]></stack-trace></failure><reason><message><![CDATA[]]></message></reason><output><![CDATA[]]></output></test-case><environment clr-version="3.7.16 (default, Dec  7 2022, 01:12:19) &#10;[GCC 9.4.0]" culture="en_US" cwd="/home/daniel/data/EmmanuelProjectDev/Test" framework-version="3.6.2" machine-name="x86_64" os-architecture="64bit" os-version="5.15.0-58-generic" platform="Linux" uiculture="en_US" user="" user-domain="" /></test-suite><test-suite asserts="0" classname="" duration="0.084518" end-time="2023-04-20 11:03:33.179976" failed="0" fullname="predictor_test.py::RsiStochTest" id="predictor_test.py::RsiStochTest" inconclusive="0" label="" methodname="" name="predictor_test.py::RsiStochTest" passed="5" result="Passed" runstate="Runnable" skipped="0" start-time="2023-04-20 11:03:33.095458" testcasecount="5" total="5" type="Assembly" warnings="0"><properties><property name="python_version" value="3.7.16 (default, Dec  7 2022, 01:12:19) &#10;[GCC 9.4.0]" /></properties><test-case asserts="0" classname="RsiStochTest" duration="0.016819" end-time="2023-04-20 11:03:33.112277" fullname="predictor_test.py::RsiStochTest::test_buy" id="105" label="" methodname="test_buy" name="predictor_test.py::RsiStochTest::test_buy" result="Passed" runstate="Runnable" seed="1" start-time="2023-04-20 11:03:33.095458"><properties><property name="python-version" value="3.7.16 (default, Dec  7 2022, 01:12:19) &#10;[GCC 9.4.0]" /><property name="fspath" value="predictor_test.py" /></properties><environment clr-version="3.7.16 (default, Dec  7 2022, 01:12:19) &#10;[GCC 9.4.0]" culture="en_US" cwd="/home/daniel/data/EmmanuelProjectDev/Test" framework-version="3.6.2" machine-name="x86_64" os-architecture="64bit" os-version="5.15.0-58-generic" platform="Linux" uiculture="en_US" user="" user-domain="" /><failure><message><![CDATA[]]></message><stack-trace><![CDATA[None]]></stack-trace></failure><reason><message><![CDATA[]]></message></reason><output><![CDATA[]]></output></test-case><test-case asserts="0" classname="RsiStochTest" duration="0.012965" end-time="2023-04-20 11:03:33.126746" fullname="predictor_test.py::RsiStochTest::test_df_no_peek" id="106" label="" methodname="test_df_no_peek" name="predictor_test.py::RsiStochTest::test_df_no_peek" result="Passed" runstate="Runnable" seed="1" start-time="2023-04-20 11:03:33.113781"><properties><property name="python-version" value="3.7.16 (default, Dec  7 2022, 01:12:19) &#10;[GCC 9.4.0]" /><property name="fspath" value="predictor_test.py" /></properties><environment clr-version="3.7.16 (default, Dec  7 2022, 01:12:19) &#10;[GCC 9.4.0]" culture="en_US" cwd="/home/daniel/data/EmmanuelProjectDev/Test" framework-version="3.6.2" machine-name="x86_64" os-architecture="64bit" os-version="5.15.0-58-generic" platform="Linux" uiculture="en_US" user="" user-domain="" /><failure><message><![CDATA[]]></message><stack-trace><![CDATA[None]]></stack-trace></failure><reason><message><![CDATA[]]></message></reason><output><![CDATA[]]></output></test-case><test-case asserts="0" classname="RsiStochTest" duration="0.010039" end-time="2023-04-20 11:03:33.137684" fullname="predictor_test.py::RsiStochTest::test_df_to_small" id="107" label="" methodname="test_df_to_small" name="predictor_test.py::RsiStochTest::test_df_to_small" result="Passed" runstate="Runnable" seed="1" start-time="2023-04-20 11:03:33.127645"><properties><property name="python-version" value="3.7.16 (default, Dec  7 2022, 01:12:19) &#10;[GCC 9.4.0]" /><property name="fspath" value="predictor_test.py" /></properties><environment clr-version="3.7.16 (default, Dec  7 2022, 01:12:19) &#10;[GCC 9.4.0]" culture="en_US" cwd="/home/daniel/data/EmmanuelProjectDev/Test" framework-version="3.6.2" machine-name="x86_64" os-architecture="64bit" os-version="5.15.0-58-generic" platform="Linux" uiculture="en_US" user="" user-domain="" /><failure><message><![CDATA[]]></message><stack-trace><![CDATA[None]]></stack-trace></failure><reason><message><![CDATA[]]></message></reason><output><![CDATA[]]></output></test-case><test-case asserts="0" classname="RsiStochTest" duration="0.020945" end-time="2023-04-20 11:03:33.160717" fullname="predictor_test.py::RsiStochTest::test_none_peek_to_far_away" id="108" label="" methodname="test_none_peek_to_far_away" name="predictor_test.py::RsiStochTest::test_none_peek_to_far_away" result="Passed" runstate="Runnable" seed="1" start-time="2023-04-20 11:03:33.139772"><properties><property name="python-version" value="3.7.16 (default, Dec  7 2022, 01:12:19) &#10;[GCC 9.4.0]" /><property name="fspath" value="predictor_test.py" /></properties><environment clr-version="3.7.16 (default, Dec  7 2022, 01:12:19) &#10;[GCC 9.4.0]" culture="en_US" cwd="/home/daniel/data/EmmanuelProjectDev/Test" framework-version="3.6.2" machine-name="x86_64" os-architecture="64bit" os-version="5.15.0-58-generic" platform="Linux" uiculture="en_US" user="" user-domain="" /><failure><message><![CDATA[]]></message><stack-trace><![CDATA[None]]></stack-trace></failure><reason><message><![CDATA[]]></message></reason><output><![CDATA[]]></output></test-case><test-case asserts="0" classname="RsiStochTest" duration="0.017912" end-time="2023-04-20 11:03:33.179976" fullname="predictor_test.py::RsiStochTest::test_sell" id="109" label="" methodname="test_sell" name="predictor_test.py::RsiStochTest::test_sell" result="Passed" runstate="Runnable" seed="1" start-time="2023-04-20 11:03:33.162064"><properties><property name="python-version" value="3.7.16 (default, Dec  7 2022, 01:12:19) &#10;[GCC 9.4.0]" /><property name="fspath" value="predictor_test.py" /></properties><environment clr-version="3.7.16 (default, Dec  7 2022, 01:12:19) &#10;[GCC 9.4.0]" culture="en_US" cwd="/home/daniel/data/EmmanuelProjectDev/Test" framework-version="3.6.2" machine-name="x86_64" os-architecture="64bit" os-version="5.15.0-58-generic" platform="Linux" uiculture="en_US" user="" user-domain="" /><failure><message><![CDATA[]]></message><stack-trace><![CDATA[None]]></stack-trace></failure><reason><message><![CDATA[]]></message></reason><output><![CDATA[]]></output></test-case><environment clr-version="3.7.16 (default, Dec  7 2022, 01:12:19) &#10;[GCC 9.4.0]" culture="en_US" cwd="/home/daniel/data/EmmanuelProjectDev/Test" framework-version="3.6.2" machine-name="x86_64" os-architecture="64bit" os-version="5.15.0-58-generic" platform="Linux" uiculture="en_US" user="" user-domain="" /></test-suite><test-suite asserts="0" classname="" duration="0.065471" end-time="2023-04-20 11:03:33.246955" failed="0" fullname="predictor_test.py::RsiBBTest" id="predictor_test.py::RsiBBTest" inconclusive="0" label="" methodname="" name="predictor_test.py::RsiBBTest" passed="5" result="Passed" runstate="Runnable" skipped="0" start-time="2023-04-20 11:03:33.181484" testcasecount="5" total="5" type="Assembly" warnings="0"><properties><property name="python_version" value="3.7.16 (default, Dec  7 2022, 01:12:19) &#10;[GCC 9.4.0]" /></properties><test-case asserts="0" classname="RsiBBTest" duration="0.013455" end-time="2023-04-20 11:03:33.194939" fullname="predictor_test.py::RsiBBTest::test_buy" id="110" label="" methodname="test_buy" name="predictor_test.py::RsiBBTest::test_buy" result="Passed" runstate="Runnable" seed="1" start-time="2023-04-20 11:03:33.181484"><properties><property name="python-version" value="3.7.16 (default, Dec  7 2022, 01:12:19) &#10;[GCC 9.4.0]" /><property name="fspath" value="predictor_test.py" /></properties><environment clr-version="3.7.16 (default, Dec  7 2022, 01:12:19) &#10;[GCC 9.4.0]" culture="en_US" cwd="/home/daniel/data/EmmanuelProjectDev/Test" framework-version="3.6.2" machine-name="x86_64" os-architecture="64bit" os-version="5.15.0-58-generic" platform="Linux" uiculture="en_US" user="" user-domain="" /><failure><message><![CDATA[]]></message><stack-trace><![CDATA[None]]></stack-trace></failure><reason><message><![CDATA[]]></message></reason><output><![CDATA[]]></output></test-case><test-case asserts="0" classname="RsiBBTest" duration="0.013842" end-time="2023-04-20 11:03:33.209866" fullname="predictor_test.py::RsiBBTest::test_df_no_peek" id="111" label="" methodname="test_df_no_peek" name="predictor_test.py::RsiBBTest::test_df_no_peek" result="Passed" runstate="Runnable" seed="1" start-time="2023-04-20 11:03:33.196024"><properties><property name="python-version" value="3.7.16 (default, Dec  7 2022, 01:12:19) &#10;[GCC 9.4.0]" /><property name="fspath" value="predictor_test.py" /></properties><environment clr-version="3.7.16 (default, Dec  7 2022, 01:12:19) &#10;[GCC 9.4.0]" culture="en_US" cwd="/home/daniel/data/EmmanuelProjectDev/Test" framework-version="3.6.2" machine-name="x86_64" os-architecture="64bit" os-version="5.15.0-58-generic" platform="Linux" uiculture="en_US" user="" user-domain="" /><failure><message><![CDATA[]]></message><stack-trace><![CDATA[None]]></stack-trace></failure><reason><message><![CDATA[]]></message></reason><output><![CDATA[]]></output></test-case><test-case asserts="0" classname="RsiBBTest" duration="0.004924" end-time="2023-04-20 11:03:33.215700" fullname="predictor_test.py::RsiBBTest::test_df_to_small" id="112" label="" methodname="test_df_to_small" name="predictor_test.py::RsiBBTest::test_df_to_small" result="Passed" runstate="Runnable" seed="1" start-time="2023-04-20 11:03:33.210776"><properties><property name="python-version" value="3.7.16 (default, Dec  7 2022, 01:12:19) &#10;[GCC 9.4.0]" /><property name="fspath" value="predictor_test.py" /></properties><environment clr-version="3.7.16 (default, Dec  7 2022, 01:12:19) &#10;[GCC 9.4.0]" culture="en_US" cwd="/home/daniel/data/EmmanuelProjectDev/Test" framework-version="3.6.2" machine-name="x86_64" os-architecture="64bit" os-version="5.15.0-58-generic" platform="Linux" uiculture="en_US" user="" user-domain="" /><failure><message><![CDATA[]]></message><stack-trace><![CDATA[None]]></stack-trace></failure><reason><message><![CDATA[]]></message></reason><output><![CDATA[]]></output></test-case><test-case asserts="0" classname="RsiBBTest" duration="0.014192" end-time="2023-04-20 11:03:33.230884" fullname="predictor_test.py::RsiBBTest::test_none_peek_to_far_away" id="113" label="" methodname="test_none_peek_to_far_away" name="predictor_test.py::RsiBBTest::test_none_peek_to_far_away" result="Passed" runstate="Runnable" seed="1" start-time="2023-04-20 11:03:33.216692"><properties><property name="python-version" value="3.7.16 (default, Dec  7 2022, 01:12:19) &#10;[GCC 9.4.0]" /><property name="fspath" value="predictor_test.py" /></properties><environment clr-version="3.7.16 (default, Dec  7 2022, 01:12:19) &#10;[GCC 9.4.0]" culture="en_US" cwd="/home/daniel/data/EmmanuelProjectDev/Test" framework-version="3.6.2" machine-name="x86_64" os-architecture="64bit" os-version="5.15.0-58-generic" platform="Linux" uiculture="en_US" user="" user-domain="" /><failure><message><![CDATA[]]></message><stack-trace><![CDATA[None]]></stack-trace></failure><reason><message><![CDATA[]]></message></reason><output><![CDATA[]]></output></test-case><test-case asserts="0" classname="RsiBBTest" duration="0.015033" end-time="2023-04-20 11:03:33.246955" fullname="predictor_test.py::RsiBBTest::test_sell" id="114" label="" methodname="test_sell" name="predictor_test.py::RsiBBTest::test_sell" result="Passed" runstate="Runnable" seed="1" start-time="2023-04-20 11:03:33.231922"><properties><property name="python-version" value="3.7.16 (default, Dec  7 2022, 01:12:19) &#10;[GCC 9.4.0]" /><property name="fspath" value="predictor_test.py" /></properties><environment clr-version="3.7.16 (default, Dec  7 2022, 01:12:19) &#10;[GCC 9.4.0]" culture="en_US" cwd="/home/daniel/data/EmmanuelProjectDev/Test" framework-version="3.6.2" machine-name="x86_64" os-architecture="64bit" os-version="5.15.0-58-generic" platform="Linux" uiculture="en_US" user="" user-domain="" /><failure><message><![CDATA[]]></message><stack-trace><![CDATA[None]]></stack-trace></failure><reason><message><![CDATA[]]></message></reason><output><![CDATA[]]></output></test-case><environment clr-version="3.7.16 (default, Dec  7 2022, 01:12:19) &#10;[GCC 9.4.0]" culture="en_US" cwd="/home/daniel/data/EmmanuelProjectDev/Test" framework-version="3.6.2" machine-name="x86_64" os-architecture="64bit" os-version="5.15.0-58-generic" platform="Linux" uiculture="en_US" user="" user-domain="" /></test-suite><test-suite asserts="0" classname="" duration="0.379433" end-time="2023-04-20 11:03:33.640887" failed="0" fullname="trader_test.py::TraderTest" id="trader_test.py::TraderTest" inconclusive="0" label="" methodname="" name="trader_test.py::TraderTest" passed="10" result="Passed" runstate="Runnable" skipped="0" start-time="2023-04-20 11:03:33.261454" testcasecount="10" total="10" type="Assembly" warnings="0"><properties><property name="python_version" value="3.7.16 (default, Dec  7 2022, 01:12:19) &#10;[GCC 9.4.0]" /></properties><test-case asserts="0" classname="TraderTest" duration="0.03483" end-time="2023-04-20 11:03:33.296284" fullname="trader_test.py::TraderTest::test_trade_action_none" id="118" label="" methodname="test_trade_action_none" name="trader_test.py::TraderTest::test_trade_action_none" result="Passed" runstate="Runnable" seed="1" start-time="2023-04-20 11:03:33.261454"><properties><property name="python-version" value="3.7.16 (default, Dec  7 2022, 01:12:19) &#10;[GCC 9.4.0]" /><property name="fspath" value="trader_test.py" /></properties><environment clr-version="3.7.16 (default, Dec  7 2022, 01:12:19) &#10;[GCC 9.4.0]" culture="en_US" cwd="/home/daniel/data/EmmanuelProjectDev/Test" framework-version="3.6.2" machine-name="x86_64" os-architecture="64bit" os-version="5.15.0-58-generic" platform="Linux" uiculture="en_US" user="" user-domain="" /><failure><message><![CDATA[]]></message><stack-trace><![CDATA[None]]></stack-trace></failure><reason><message><![CDATA[]]></message></reason><output><![CDATA[]]></output></test-case><test-case asserts="0" classname="TraderTest" duration="0.039451" end-time="2023-04-20 11:03:33.337031" fullname="trader_test.py::TraderTest::test_trade_do_buy" id="119" label="" methodname="test_trade_do_buy" name="trader_test.py::TraderTest::test_trade_do_buy" result="Passed" runstate="Runnable" seed="1" start-time="2023-04-20 11:03:33.297580"><properties><property name="python-version" value="3.7.16 (default, Dec  7 2022, 01:12:19) &#10;[GCC 9.4.0]" /><property name="fspath" value="trader_test.py" /></properties><environment clr-version="3.7.16 (default, Dec  7 2022, 01:12:19) &#10;[GCC 9.4.0]" culture="en_US" cwd="/home/daniel/data/EmmanuelProjectDev/Test" framework-version="3.6.2" machine-name="x86_64" os-architecture="64bit" os-version="5.15.0-58-generic" platform="Linux" uiculture="en_US" user="" user-domain="" /><failure><message><![CDATA[]]></message><stack-trace><![CDATA[None]]></stack-trace></failure><reason><message><![CDATA[]]></message></reason><output><![CDATA[]]></output></test-case><test-case asserts="0" classname="TraderTest" duration="0.035029" end-time="2023-04-20 11:03:33.373468" fullname="trader_test.py::TraderTest::test_trade_do_sell" id="120" label="" methodname="test_trade_do_sell" name="trader_test.py::TraderTest::test_trade_do_sell" result="Passed" runstate="Runnable" seed="1" start-time="2023-04-20 11:03:33.338439"><properties><property name="python-version" value="3.7.16 (default, Dec  7 2022, 01:12:19) &#10;[GCC 9.4.0]" /><property name="fspath" value="trader_test.py" /></properties><environment clr-version="3.7.16 (default, Dec  7 2022, 01:12:19) &#10;[GCC 9.4.0]" culture="en_US" cwd="/home/daniel/data/EmmanuelProjectDev/Test" framework-version="3.6.2" machine-name="x86_64" os-architecture="64bit" os-version="5.15.0-58-generic" platform="Linux" uiculture="en_US" user="" user-domain="" /><failure><message><![CDATA[]]></message><stack-trace><![CDATA[None]]></stack-trace></failure><reason><message><![CDATA[]]></message></reason><output><![CDATA[]]></output></test-case><test-case asserts="0" classname="TraderTest" duration="0.028619" end-time="2023-04-20 11:03:33.402954" fullname="trader_test.py::TraderTest::test_trade_evaluation_to_bad" id="121" label="" methodname="test_trade_evaluation_to_bad" name="trader_test.py::TraderTest::test_trade_evaluation_to_bad" result="Passed" runstate="Runnable" seed="1" start-time="2023-04-20 11:03:33.374335"><properties><property name="python-version" value="3.7.16 (default, Dec  7 2022, 01:12:19) &#10;[GCC 9.4.0]" /><property name="fspath" value="trader_test.py" /></properties><environment clr-version="3.7.16 (default, Dec  7 2022, 01:12:19) &#10;[GCC 9.4.0]" culture="en_US" cwd="/home/daniel/data/EmmanuelProjectDev/Test" framework-version="3.6.2" machine-name="x86_64" os-architecture="64bit" os-version="5.15.0-58-generic" platform="Linux" uiculture="en_US" user="" user-domain="" /><failure><message><![CDATA[]]></message><stack-trace><![CDATA[None]]></stack-trace></failure><reason><message><![CDATA[]]></message></reason><output><![CDATA[]]></output></test-case><test-case asserts="0" classname="TraderTest" duration="0.028819" end-time="2023-04-20 11:03:33.432771" fullname="trader_test.py::TraderTest::test_trade_evaluation_to_bad_fit_better" id="122" label="" methodname="test_trade_evaluation_to_bad_fit_better" name="trader_test.py::TraderTest::test_trade_evaluation_to_bad_fit_better" result="Passed" runstate="Runnable" seed="1" start-time="2023-04-20 11:03:33.403952"><properties><property name="python-version" value="3.7.16 (default, Dec  7 2022, 01:12:19) &#10;[GCC 9.4.0]" /><property name="fspath" value="trader_test.py" /></properties><environment clr-version="3.7.16 (default, Dec  7 2022, 01:12:19) &#10;[GCC 9.4.0]" culture="en_US" cwd="/home/daniel/data/EmmanuelProjectDev/Test" framework-version="3.6.2" machine-name="x86_64" os-architecture="64bit" os-version="5.15.0-58-generic" platform="Linux" uiculture="en_US" user="" user-domain="" /><failure><message><![CDATA[]]></message><stack-trace><![CDATA[None]]></stack-trace></failure><reason><message><![CDATA[]]></message></reason><output><![CDATA[]]></output></test-case><test-case asserts="0" classname="TraderTest" duration="0.083373" end-time="2023-04-20 11:03:33.516942" fullname="trader_test.py::TraderTest::test_trade_has_open_buy_positions" id="123" label="" methodname="test_trade_has_open_buy_positions" name="trader_test.py::TraderTest::test_trade_has_open_buy_positions" result="Passed" runstate="Runnable" seed="1" start-time="2023-04-20 11:03:33.433569"><properties><property name="python-version" value="3.7.16 (default, Dec  7 2022, 01:12:19) &#10;[GCC 9.4.0]" /><property name="fspath" value="trader_test.py" /></properties><environment clr-version="3.7.16 (default, Dec  7 2022, 01:12:19) &#10;[GCC 9.4.0]" culture="en_US" cwd="/home/daniel/data/EmmanuelProjectDev/Test" framework-version="3.6.2" machine-name="x86_64" os-architecture="64bit" os-version="5.15.0-58-generic" platform="Linux" uiculture="en_US" user="" user-domain="" /><failure><message><![CDATA[]]></message><stack-trace><![CDATA[None]]></stack-trace></failure><reason><message><![CDATA[]]></message></reason><output><![CDATA[]]></output></test-case><test-case asserts="0" classname="TraderTest" duration="0.029153" end-time="2023-04-20 11:03:33.547049" fullname="trader_test.py::TraderTest::test_trade_has_open_sell_positions" id="124" label="" methodname="test_trade_has_open_sell_positions" name="trader_test.py::TraderTest::test_trade_has_open_sell_positions" result="Passed" runstate="Runnable" seed="1" start-time="2023-04-20 11:03:33.517896"><properties><property name="python-version" value="3.7.16 (default, Dec  7 2022, 01:12:19) &#10;[GCC 9.4.0]" /><property name="fspath" value="trader_test.py" /></properties><environment clr-version="3.7.16 (default, Dec  7 2022, 01:12:19) &#10;[GCC 9.4.0]" culture="en_US" cwd="/home/daniel/data/EmmanuelProjectDev/Test" framework-version="3.6.2" machine-name="x86_64" os-architecture="64bit" os-version="5.15.0-58-generic" platform="Linux" uiculture="en_US" user="" user-domain="" /><failure><message><![CDATA[]]></message><stack-trace><![CDATA[None]]></stack-trace></failure><reason><message><![CDATA[]]></message></reason><output><![CDATA[]]></output></test-case><test-case asserts="0" classname="TraderTest" duration="0.033276" end-time="2023-04-20 11:03:33.581180" fullname="trader_test.py::TraderTest::test_trade_no_data" id="125" label="" methodname="test_trade_no_data" name="trader_test.py::TraderTest::test_trade_no_data" result="Passed" runstate="Runnable" seed="1" start-time="2023-04-20 11:03:33.547904"><properties><property name="python-version" value="3.7.16 (default, Dec  7 2022, 01:12:19) &#10;[GCC 9.4.0]" /><property name="fspath" value="trader_test.py" /></properties><environment clr-version="3.7.16 (default, Dec  7 2022, 01:12:19) &#10;[GCC 9.4.0]" culture="en_US" cwd="/home/daniel/data/EmmanuelProjectDev/Test" framework-version="3.6.2" machine-name="x86_64" os-architecture="64bit" os-version="5.15.0-58-generic" platform="Linux" uiculture="en_US" user="" user-domain="" /><failure><message><![CDATA[]]></message><stack-trace><![CDATA[None]]></stack-trace></failure><reason><message><![CDATA[]]></message></reason><output><![CDATA[]]></output></test-case><test-case asserts="0" classname="TraderTest" duration="0.028141" end-time="2023-04-20 11:03:33.610583" fullname="trader_test.py::TraderTest::test_trade_no_datafrom_tiingo" id="126" label="" methodname="test_trade_no_datafrom_tiingo" name="trader_test.py::TraderTest::test_trade_no_datafrom_tiingo" result="Passed" runstate="Runnable" seed="1" start-time="2023-04-20 11:03:33.582442"><properties><property name="python-version" value="3.7.16 (default, Dec  7 2022, 01:12:19) &#10;[GCC 9.4.0]" /><property name="fspath" value="trader_test.py" /></properties><environment clr-version="3.7.16 (default, Dec  7 2022, 01:12:19) &#10;[GCC 9.4.0]" culture="en_US" cwd="/home/daniel/data/EmmanuelProjectDev/Test" framework-version="3.6.2" machine-name="x86_64" os-architecture="64bit" os-version="5.15.0-58-generic" platform="Linux" uiculture="en_US" user="" user-domain="" /><failure><message><![CDATA[]]></message><stack-trace><![CDATA[None]]></stack-trace></failure><reason><message><![CDATA[]]></message></reason><output><![CDATA[]]></output></test-case><test-case asserts="0" classname="TraderTest" duration="0.029392" end-time="2023-04-20 11:03:33.640887" fullname="trader_test.py::TraderTest::test_trade_spread_to_big" id="127" label="" methodname="test_trade_spread_to_big" name="trader_test.py::TraderTest::test_trade_spread_to_big" result="Passed" runstate="Runnable" seed="1" start-time="2023-04-20 11:03:33.611495"><properties><property name="python-version" value="3.7.16 (default, Dec  7 2022, 01:12:19) &#10;[GCC 9.4.0]" /><property name="fspath" value="trader_test.py" /></properties><environment clr-version="3.7.16 (default, Dec  7 2022, 01:12:19) &#10;[GCC 9.4.0]" culture="en_US" cwd="/home/daniel/data/EmmanuelProjectDev/Test" framework-version="3.6.2" machine-name="x86_64" os-architecture="64bit" os-version="5.15.0-58-generic" platform="Linux" uiculture="en_US" user="" user-domain="" /><failure><message><![CDATA[]]></message><stack-trace><![CDATA[None]]></stack-trace></failure><reason><message><![CDATA[]]></message></reason><output><![CDATA[]]></output></test-case><environment clr-version="3.7.16 (default, Dec  7 2022, 01:12:19) &#10;[GCC 9.4.0]" culture="en_US" cwd="/home/daniel/data/EmmanuelProjectDev/Test" framework-version="3.6.2" machine-name="x86_64" os-architecture="64bit" os-version="5.15.0-58-generic" platform="Linux" uiculture="en_US" user="" user-domain="" /></test-suite><test-suite asserts="0" classname="" duration="0.029033" end-time="2023-04-20 11:03:33.086051" failed="0" fullname="ig_test.py::IgTest" id="ig_test.py::IgTest" inconclusive="0" label="" methodname="" name="ig_test.py::IgTest" passed="3" result="Passed" runstate="Runnable" skipped="0" start-time="2023-04-20 11:03:33.057018" testcasecount="3" total="3" type="Assembly" warnings="0"><properties><property name="python_version" value="3.7.16 (default, Dec  7 2022, 01:12:19) &#10;[GCC 9.4.0]" /></properties><test-case asserts="0" classname="IgTest" duration="0.00383" end-time="2023-04-20 11:03:33.060848" fullname="ig_test.py::IgTest::test_get_currency" id="100" label="" methodname="test_get_currency" name="ig_test.py::IgTest::test_get_currency" result="Passed" runstate="Runnable" seed="1" start-time="2023-04-20 11:03:33.057018"><properties><property name="python-version" value="3.7.16 (default, Dec  7 2022, 01:12:19) &#10;[GCC 9.4.0]" /><property name="fspath" value="ig_test.py" /></properties><environment clr-version="3.7.16 (default, Dec  7 2022, 01:12:19) &#10;[GCC 9.4.0]" culture="en_US" cwd="/home/daniel/data/EmmanuelProjectDev/Test" framework-version="3.6.2" machine-name="x86_64" os-architecture="64bit" os-version="5.15.0-58-generic" platform="Linux" uiculture="en_US" user="" user-domain="" /><failure><message><![CDATA[]]></message><stack-trace><![CDATA[None]]></stack-trace></failure><reason><message><![CDATA[]]></message></reason><output><![CDATA[]]></output></test-case><test-case asserts="0" classname="IgTest" duration="0.006421" end-time="2023-04-20 11:03:33.069076" fullname="ig_test.py::IgTest::test_get_markets_no_return" id="101" label="" methodname="test_get_markets_no_return" name="ig_test.py::IgTest::test_get_markets_no_return" result="Passed" runstate="Runnable" seed="1" start-time="2023-04-20 11:03:33.062655"><properties><property name="python-version" value="3.7.16 (default, Dec  7 2022, 01:12:19) &#10;[GCC 9.4.0]" /><property name="fspath" value="ig_test.py" /></properties><environment clr-version="3.7.16 (default, Dec  7 2022, 01:12:19) &#10;[GCC 9.4.0]" culture="en_US" cwd="/home/daniel/data/EmmanuelProjectDev/Test" framework-version="3.6.2" machine-name="x86_64" os-architecture="64bit" os-version="5.15.0-58-generic" platform="Linux" uiculture="en_US" user="" user-domain="" /><failure><message><![CDATA[]]></message><stack-trace><![CDATA[None]]></stack-trace></failure><reason><message><![CDATA[]]></message></reason><output><![CDATA[]]></output></test-case><test-case asserts="0" classname="IgTest" duration="0.015261" end-time="2023-04-20 11:03:33.086051" fullname="ig_test.py::IgTest::test_get_markets_some_returns" id="102" label="" methodname="test_get_markets_some_returns" name="ig_test.py::IgTest::test_get_markets_some_returns" result="Passed" runstate="Runnable" seed="1" start-time="2023-04-20 11:03:33.070790"><properties><property name="python-version" value="3.7.16 (default, Dec  7 2022, 01:12:19) &#10;[GCC 9.4.0]" /><property name="fspath" value="ig_test.py" /></properties><environment clr-version="3.7.16 (default, Dec  7 2022, 01:12:19) &#10;[GCC 9.4.0]" culture="en_US" cwd="/home/daniel/data/EmmanuelProjectDev/Test" framework-version="3.6.2" machine-name="x86_64" os-architecture="64bit" os-version="5.15.0-58-generic" platform="Linux" uiculture="en_US" user="" user-domain="" /><failure><message><![CDATA[]]></message><stack-trace><![CDATA[None]]></stack-trace></failure><reason><message><![CDATA[]]></message></reason><output><![CDATA[]]></output></test-case><environment clr-version="3.7.16 (default, Dec  7 2022, 01:12:19) &#10;[GCC 9.4.0]" culture="en_US" cwd="/home/daniel/data/EmmanuelProjectDev/Test" framework-version="3.6.2" machine-name="x86_64" os-architecture="64bit" os-version="5.15.0-58-generic" platform="Linux" uiculture="en_US" user="" user-domain="" /></test-suite><test-suite asserts="0" classname="" duration="0.010123" end-time="2023-04-20 11:03:33.258908" failed="0" fullname="tiingo_test.py::TiingoTest" id="tiingo_test.py::TiingoTest" inconclusive="0" label="" methodname="" name="tiingo_test.py::TiingoTest" passed="3" result="Passed" runstate="Runnable" skipped="0" start-time="2023-04-20 11:03:33.248785" testcasecount="3" total="3" type="Assembly" warnings="0"><properties><property name="python_version" value="3.7.16 (default, Dec  7 2022, 01:12:19) &#10;[GCC 9.4.0]" /></properties><test-case asserts="0" classname="TiingoTest" duration="0.002716" end-time="2023-04-20 11:03:33.251501" fullname="tiingo_test.py::TiingoTest::test_get_historical_data_connection_exception" id="115" label="" methodname="test_get_historical_data_connection_exception" name="tiingo_test.py::TiingoTest::test_get_historical_data_connection_exception" result="Passed" runstate="Runnable" seed="1" start-time="2023-04-20 11:03:33.248785"><properties><property name="python-version" value="3.7.16 (default, Dec  7 2022, 01:12:19) &#10;[GCC 9.4.0]" /><property name="fspath" value="tiingo_test.py" /></properties><environment clr-version="3.7.16 (default, Dec  7 2022, 01:12:19) &#10;[GCC 9.4.0]" culture="en_US" cwd="/home/daniel/data/EmmanuelProjectDev/Test" framework-version="3.6.2" machine-name="x86_64" os-architecture="64bit" os-version="5.15.0-58-generic" platform="Linux" uiculture="en_US" user="" user-domain="" /><failure><message><![CDATA[]]></message><stack-trace><![CDATA[None]]></stack-trace></failure><reason><message><![CDATA[]]></message></reason><output><![CDATA[]]></output></test-case><test-case asserts="0" classname="TiingoTest" duration="0.002504" end-time="2023-04-20 11:03:33.255328" fullname="tiingo_test.py::TiingoTest::test_get_historical_data_no_content" id="116" label="" methodname="test_get_historical_data_no_content" name="tiingo_test.py::TiingoTest::test_get_historical_data_no_content" result="Passed" runstate="Runnable" seed="1" start-time="2023-04-20 11:03:33.252824"><properties><property name="python-version" value="3.7.16 (default, Dec  7 2022, 01:12:19) &#10;[GCC 9.4.0]" /><property name="fspath" value="tiingo_test.py" /></properties><environment clr-version="3.7.16 (default, Dec  7 2022, 01:12:19) &#10;[GCC 9.4.0]" culture="en_US" cwd="/home/daniel/data/EmmanuelProjectDev/Test" framework-version="3.6.2" machine-name="x86_64" os-architecture="64bit" os-version="5.15.0-58-generic" platform="Linux" uiculture="en_US" user="" user-domain="" /><failure><message><![CDATA[]]></message><stack-trace><![CDATA[None]]></stack-trace></failure><reason><message><![CDATA[]]></message></reason><output><![CDATA[]]></output></test-case><test-case asserts="0" classname="TiingoTest" duration="0.00253" end-time="2023-04-20 11:03:33.258908" fullname="tiingo_test.py::TiingoTest::test_load_data_connection_exception" id="117" label="" methodname="test_load_data_connection_exception" name="tiingo_test.py::TiingoTest::test_load_data_connection_exception" result="Passed" runstate="Runnable" seed="1" start-time="2023-04-20 11:03:33.256378"><properties><property name="python-version" value="3.7.16 (default, Dec  7 2022, 01:12:19) &#10;[GCC 9.4.0]" /><property name="fspath" value="tiingo_test.py" /></properties><environment clr-version="3.7.16 (default, Dec  7 2022, 01:12:19) &#10;[GCC 9.4.0]" culture="en_US" cwd="/home/daniel/data/EmmanuelProjectDev/Test" framework-version="3.6.2" machine-name="x86_64" os-architecture="64bit" os-version="5.15.0-58-generic" platform="Linux" uiculture="en_US" user="" user-domain="" /><failure><message><![CDATA[]]></message><stack-trace><![CDATA[None]]></stack-trace></failure><reason><message><![CDATA[]]></message></reason><output><![CDATA[]]></output></test-case><environment clr-version="3.7.16 (default, Dec  7 2022, 01:12:19) &#10;[GCC 9.4.0]" culture="en_US" cwd="/home/daniel/data/EmmanuelProjectDev/Test" framework-version="3.6.2" machine-name="x86_64" os-architecture="64bit" os-version="5.15.0-58-generic" platform="Linux" uiculture="en_US" user="" user-domain="" /></test-suite></test-run>