<test-run asserts="0" clr-version="3.7.16 (default, Dec  7 2022, 01:12:19) &#10;[GCC 9.4.0]" duration="3" end-time="2023-04-06 16:51:46.243366" engine-version="3.6.2" failed="1" id="2" inconclusive="0" passed="6" result="Passed" skipped="0" start-time="2023-04-06 16:51:43.151174" testcasecount="7" total="7"><command-line>/home/daniel/data/EmmanuelProjectDev/venv/lib/python3.7/site-packages/pytest/__main__.py ./Test</command-line><filter><test re="0">./Test</test></filter><test-suite asserts="0" classname="" duration="0.190321" end-time="2023-04-06 16:51:46.036879" failed="1" fullname="Test/tiingo_test.py::TiingoTest" id="Test/tiingo_test.py::TiingoTest" inconclusive="0" label="" methodname="" name="Test/tiingo_test.py::TiingoTest" passed="2" result="Passed" runstate="Runnable" skipped="0" start-time="2023-04-06 16:51:45.846558" testcasecount="3" total="3" type="Assembly" warnings="0"><properties><property name="python_version" value="3.7.16 (default, Dec  7 2022, 01:12:19) &#10;[GCC 9.4.0]" /></properties><test-case asserts="0" classname="TiingoTest" duration="0.004089" end-time="2023-04-06 16:51:45.850647" fullname="Test/tiingo_test.py::TiingoTest::test_get_historical_data_connection_exception" id="100" label="" methodname="test_get_historical_data_connection_exception" name="Test/tiingo_test.py::TiingoTest::test_get_historical_data_connection_exception" result="Passed" runstate="Runnable" seed="1" start-time="2023-04-06 16:51:45.846558"><properties><property name="python-version" value="3.7.16 (default, Dec  7 2022, 01:12:19) &#10;[GCC 9.4.0]" /><property name="fspath" value="Test/tiingo_test.py" /></properties><environment clr-version="3.7.16 (default, Dec  7 2022, 01:12:19) &#10;[GCC 9.4.0]" culture="en_US" cwd="/home/daniel/data/EmmanuelProjectDev" framework-version="3.6.2" machine-name="x86_64" os-architecture="64bit" os-version="5.15.0-58-generic" platform="Linux" uiculture="en_US" user="" user-domain="" /><failure><message><![CDATA[]]></message><stack-trace><![CDATA[None]]></stack-trace></failure><reason><message><![CDATA[]]></message></reason><output><![CDATA[]]></output></test-case><test-case asserts="0" classname="TiingoTest" duration="0.180275" end-time="2023-04-06 16:51:46.032591" fullname="Test/tiingo_test.py::TiingoTest::test_get_historical_data_no_content" id="101" label="" methodname="test_get_historical_data_no_content" name="Test/tiingo_test.py::TiingoTest::test_get_historical_data_no_content" result="Failed" runstate="Runnable" seed="1" start-time="2023-04-06 16:51:45.852316"><properties><property name="python-version" value="3.7.16 (default, Dec  7 2022, 01:12:19) &#10;[GCC 9.4.0]" /><property name="fspath" value="Test/tiingo_test.py" /></properties><environment clr-version="3.7.16 (default, Dec  7 2022, 01:12:19) &#10;[GCC 9.4.0]" culture="en_US" cwd="/home/daniel/data/EmmanuelProjectDev" framework-version="3.6.2" machine-name="x86_64" os-architecture="64bit" os-version="5.15.0-58-generic" platform="Linux" uiculture="en_US" user="" user-domain="" /><failure><message><![CDATA[self = &lt;Test.tiingo_test.TiingoTest testMethod=test_get_historical_data_no_content&gt;

    def test_get_historical_data_no_content(self):
        self.tiingo._send_request = MagicMock(return_value=[])
        res = self.tiingo._send_history_request("Fii", "BAR", "HELLO", "la")
&gt;       assert len(res) == 1
E       assert 0 == 1
E        +  where 0 = len(Empty DataFrame\nColumns: []\nIndex: [])

Test/tiingo_test.py:16: AssertionError]]></message><stack-trace><![CDATA[/home/daniel/data/EmmanuelProjectDev/Test/tiingo_test.py:16: assert 0 == 1]]></stack-trace></failure><reason><message><![CDATA[]]></message></reason><output><![CDATA[]]></output></test-case><test-case asserts="0" classname="TiingoTest" duration="0.002952" end-time="2023-04-06 16:51:46.036879" fullname="Test/tiingo_test.py::TiingoTest::test_load_data_connection_exception" id="102" label="" methodname="test_load_data_connection_exception" name="Test/tiingo_test.py::TiingoTest::test_load_data_connection_exception" result="Passed" runstate="Runnable" seed="1" start-time="2023-04-06 16:51:46.033927"><properties><property name="python-version" value="3.7.16 (default, Dec  7 2022, 01:12:19) &#10;[GCC 9.4.0]" /><property name="fspath" value="Test/tiingo_test.py" /></properties><environment clr-version="3.7.16 (default, Dec  7 2022, 01:12:19) &#10;[GCC 9.4.0]" culture="en_US" cwd="/home/daniel/data/EmmanuelProjectDev" framework-version="3.6.2" machine-name="x86_64" os-architecture="64bit" os-version="5.15.0-58-generic" platform="Linux" uiculture="en_US" user="" user-domain="" /><failure><message><![CDATA[]]></message><stack-trace><![CDATA[None]]></stack-trace></failure><reason><message><![CDATA[]]></message></reason><output><![CDATA[]]></output></test-case><environment clr-version="3.7.16 (default, Dec  7 2022, 01:12:19) &#10;[GCC 9.4.0]" culture="en_US" cwd="/home/daniel/data/EmmanuelProjectDev" framework-version="3.6.2" machine-name="x86_64" os-architecture="64bit" os-version="5.15.0-58-generic" platform="Linux" uiculture="en_US" user="" user-domain="" /></test-suite><test-suite asserts="0" classname="" duration="0.203867" end-time="2023-04-06 16:51:46.242771" failed="0" fullname="Test/trader_test.py::TraderTest" id="Test/trader_test.py::TraderTest" inconclusive="0" label="" methodname="" name="Test/trader_test.py::TraderTest" passed="4" result="Passed" runstate="Runnable" skipped="0" start-time="2023-04-06 16:51:46.038904" testcasecount="4" total="4" type="Assembly" warnings="0"><properties><property name="python_version" value="3.7.16 (default, Dec  7 2022, 01:12:19) &#10;[GCC 9.4.0]" /></properties><test-case asserts="0" classname="TraderTest" duration="0.052832" end-time="2023-04-06 16:51:46.091736" fullname="Test/trader_test.py::TraderTest::test_trade_do_buy" id="103" label="" methodname="test_trade_do_buy" name="Test/trader_test.py::TraderTest::test_trade_do_buy" result="Passed" runstate="Runnable" seed="1" start-time="2023-04-06 16:51:46.038904"><properties><property name="python-version" value="3.7.16 (default, Dec  7 2022, 01:12:19) &#10;[GCC 9.4.0]" /><property name="fspath" value="Test/trader_test.py" /></properties><environment clr-version="3.7.16 (default, Dec  7 2022, 01:12:19) &#10;[GCC 9.4.0]" culture="en_US" cwd="/home/daniel/data/EmmanuelProjectDev" framework-version="3.6.2" machine-name="x86_64" os-architecture="64bit" os-version="5.15.0-58-generic" platform="Linux" uiculture="en_US" user="" user-domain="" /><failure><message><![CDATA[]]></message><stack-trace><![CDATA[None]]></stack-trace></failure><reason><message><![CDATA[]]></message></reason><output><![CDATA[]]></output></test-case><test-case asserts="0" classname="TraderTest" duration="0.05029" end-time="2023-04-06 16:51:46.143475" fullname="Test/trader_test.py::TraderTest::test_trade_has_open_positions" id="104" label="" methodname="test_trade_has_open_positions" name="Test/trader_test.py::TraderTest::test_trade_has_open_positions" result="Passed" runstate="Runnable" seed="1" start-time="2023-04-06 16:51:46.093185"><properties><property name="python-version" value="3.7.16 (default, Dec  7 2022, 01:12:19) &#10;[GCC 9.4.0]" /><property name="fspath" value="Test/trader_test.py" /></properties><environment clr-version="3.7.16 (default, Dec  7 2022, 01:12:19) &#10;[GCC 9.4.0]" culture="en_US" cwd="/home/daniel/data/EmmanuelProjectDev" framework-version="3.6.2" machine-name="x86_64" os-architecture="64bit" os-version="5.15.0-58-generic" platform="Linux" uiculture="en_US" user="" user-domain="" /><failure><message><![CDATA[]]></message><stack-trace><![CDATA[None]]></stack-trace></failure><reason><message><![CDATA[]]></message></reason><output><![CDATA[]]></output></test-case><test-case asserts="0" classname="TraderTest" duration="0.047771" end-time="2023-04-06 16:51:46.192600" fullname="Test/trader_test.py::TraderTest::test_trade_no_datafrom_tiingo" id="105" label="" methodname="test_trade_no_datafrom_tiingo" name="Test/trader_test.py::TraderTest::test_trade_no_datafrom_tiingo" result="Passed" runstate="Runnable" seed="1" start-time="2023-04-06 16:51:46.144829"><properties><property name="python-version" value="3.7.16 (default, Dec  7 2022, 01:12:19) &#10;[GCC 9.4.0]" /><property name="fspath" value="Test/trader_test.py" /></properties><environment clr-version="3.7.16 (default, Dec  7 2022, 01:12:19) &#10;[GCC 9.4.0]" culture="en_US" cwd="/home/daniel/data/EmmanuelProjectDev" framework-version="3.6.2" machine-name="x86_64" os-architecture="64bit" os-version="5.15.0-58-generic" platform="Linux" uiculture="en_US" user="" user-domain="" /><failure><message><![CDATA[]]></message><stack-trace><![CDATA[None]]></stack-trace></failure><reason><message><![CDATA[]]></message></reason><output><![CDATA[]]></output></test-case><test-case asserts="0" classname="TraderTest" duration="0.048774" end-time="2023-04-06 16:51:46.242771" fullname="Test/trader_test.py::TraderTest::test_trade_spread_to_big" id="106" label="" methodname="test_trade_spread_to_big" name="Test/trader_test.py::TraderTest::test_trade_spread_to_big" result="Passed" runstate="Runnable" seed="1" start-time="2023-04-06 16:51:46.193997"><properties><property name="python-version" value="3.7.16 (default, Dec  7 2022, 01:12:19) &#10;[GCC 9.4.0]" /><property name="fspath" value="Test/trader_test.py" /></properties><environment clr-version="3.7.16 (default, Dec  7 2022, 01:12:19) &#10;[GCC 9.4.0]" culture="en_US" cwd="/home/daniel/data/EmmanuelProjectDev" framework-version="3.6.2" machine-name="x86_64" os-architecture="64bit" os-version="5.15.0-58-generic" platform="Linux" uiculture="en_US" user="" user-domain="" /><failure><message><![CDATA[]]></message><stack-trace><![CDATA[None]]></stack-trace></failure><reason><message><![CDATA[]]></message></reason><output><![CDATA[]]></output></test-case><environment clr-version="3.7.16 (default, Dec  7 2022, 01:12:19) &#10;[GCC 9.4.0]" culture="en_US" cwd="/home/daniel/data/EmmanuelProjectDev" framework-version="3.6.2" machine-name="x86_64" os-architecture="64bit" os-version="5.15.0-58-generic" platform="Linux" uiculture="en_US" user="" user-domain="" /></test-suite></test-run>